<?xml version="1.0" encoding="utf-8"?><testsuites name="pytest tests"><testsuite name="pytest" errors="0" failures="2" skipped="1" tests="47" time="12.928" timestamp="2026-07-27T07:04:21.573013+00:00" hostname="agent-env-3bb3f580-1b45-49e2-807f-5dd171852300"><testcase classname="backend.tests.test_iter27_doctor_community.TestAccessGate" name="test_patient_gets_patient_role_reason" time="0.525" /><testcase classname="backend.tests.test_iter27_doctor_community.TestAccessGate" name="test_unverified_doctor_gets_not_verified" time="0.488" /><testcase classname="backend.tests.test_iter27_doctor_community.TestAccessGate" name="test_verified_doctor_has_access" time="1.061" /><testcase classname="backend.tests.test_iter27_doctor_community.TestGuard" name="test_patient_blocked[GET-/community/doctor/feed]" time="0.098" /><testcase classname="backend.tests.test_iter27_doctor_community.TestGuard" name="test_patient_blocked[GET-/community/doctor/explore]" time="0.094" /><testcase classname="backend.tests.test_iter27_doctor_community.TestGuard" name="test_patient_blocked[GET-/community/doctor/suggest]" time="0.102" /><testcase classname="backend.tests.test_iter27_doctor_community.TestGuard" name="test_patient_blocked[GET-/community/doctor/notifications]" time="0.128" /><testcase classname="backend.tests.test_iter27_doctor_community.TestGuard" name="test_patient_blocked[GET-/community/doctor/me/saved]" time="0.132" /><testcase classname="backend.tests.test_iter27_doctor_community.TestGuard" name="test_unverified_blocked[GET-/community/doctor/feed]" time="0.096" /><testcase classname="backend.tests.test_iter27_doctor_community.TestGuard" name="test_unverified_blocked[GET-/community/doctor/explore]" time="0.143" /><testcase classname="backend.tests.test_iter27_doctor_community.TestGuard" name="test_unverified_blocked[GET-/community/doctor/suggest]" time="0.098" /><testcase classname="backend.tests.test_iter27_doctor_community.TestGuard" name="test_unverified_blocked[GET-/community/doctor/notifications]" time="0.105" /><testcase classname="backend.tests.test_iter27_doctor_community.TestGuard" name="test_unverified_blocked[GET-/community/doctor/me/saved]" time="0.097" /><testcase classname="backend.tests.test_iter27_doctor_community.TestPosts" name="test_hashtag_normalisation" time="0.099" /><testcase classname="backend.tests.test_iter27_doctor_community.TestPosts" name="test_caption_too_long_rejected" time="0.099" /><testcase classname="backend.tests.test_iter27_doctor_community.TestPosts" name="test_max_5_images_enforced" time="0.094" /><testcase classname="backend.tests.test_iter27_doctor_community.TestPosts" name="test_image_too_large_rejected" time="0.305" /><testcase classname="backend.tests.test_iter27_doctor_community.TestPosts" name="test_invalid_specialty_rejected" time="0.100" /><testcase classname="backend.tests.test_iter27_doctor_community.TestPosts" name="test_empty_post_rejected" time="0.145" /><testcase classname="backend.tests.test_iter27_doctor_community.TestPosts" name="test_get_post_hydrates" time="0.093" /><testcase classname="backend.tests.test_iter27_doctor_community.TestLikeSaveComment" name="test_like_idempotent_and_counts" time="1.901" /><testcase classname="backend.tests.test_iter27_doctor_community.TestLikeSaveComment" name="test_feed_liked_by_me_flag_is_per_user" time="0.426" /><testcase classname="backend.tests.test_iter27_doctor_community.TestLikeSaveComment" name="test_save_idempotent_and_saved_list" time="0.430" /><testcase classname="backend.tests.test_iter27_doctor_community.TestLikeSaveComment" name="test_comment_add_delete_counts" time="0.550" /><testcase classname="backend.tests.test_iter27_doctor_community.TestLikeSaveComment" name="test_notifications_created_for_owner" time="0.507" /><testcase classname="backend.tests.test_iter27_doctor_community.TestFollow" name="test_follow_self_400" time="0.291" /><testcase classname="backend.tests.test_iter27_doctor_community.TestFollow" name="test_follow_nonexistent_404" time="0.096" /><testcase classname="backend.tests.test_iter27_doctor_community.TestFollow" name="test_follow_unverified_doctor_404" time="0.318"><skipped type="pytest.skip" message="unverified target user_id not conveniently exposed to test harness">/app/backend/tests/test_iter27_doctor_community.py:420: unverified target user_id not conveniently exposed to test harness</skipped></testcase><testcase classname="backend.tests.test_iter27_doctor_community.TestFollow" name="test_follow_idempotent_and_counts" time="0.416" /><testcase classname="backend.tests.test_iter27_doctor_community.TestDiscovery" name="test_explore_only_image_posts" time="0.094" /><testcase classname="backend.tests.test_iter27_doctor_community.TestDiscovery" name="test_explore_specialty_filter" time="0.094" /><testcase classname="backend.tests.test_iter27_doctor_community.TestDiscovery" name="test_search_requires_2_chars" time="0.097" /><testcase classname="backend.tests.test_iter27_doctor_community.TestDiscovery" name="test_search_returns_shape" time="0.096"><failure message="assert 500 == 200&#10; +  where 500 = &lt;Response [500]&gt;.status_code">backend/tests/test_iter27_doctor_community.py:474: in test_search_returns_shape
    assert r.status_code == 200
E   assert 500 == 200
E    +  where 500 = &lt;Response [500]&gt;.status_code</failure></testcase><testcase classname="backend.tests.test_iter27_doctor_community.TestDiscovery" name="test_hashtag_lookup" time="0.098" /><testcase classname="backend.tests.test_iter27_doctor_community.TestDiscovery" name="test_suggest_excludes_self_and_followed" time="0.203"><failure message="assert 500 == 200&#10; +  where 500 = &lt;Response [500]&gt;.status_code">backend/tests/test_iter27_doctor_community.py:493: in test_suggest_excludes_self_and_followed
    assert r.status_code == 200
E   assert 500 == 200
E    +  where 500 = &lt;Response [500]&gt;.status_code</failure></testcase><testcase classname="backend.tests.test_iter27_doctor_community.TestReports" name="test_report_dedupe" time="0.218" /><testcase classname="backend.tests.test_iter27_doctor_community.TestAdmin" name="test_pin_unpin" time="0.210" /><testcase classname="backend.tests.test_iter27_doctor_community.TestAdmin" name="test_hide_excludes_from_listings" time="0.621" /><testcase classname="backend.tests.test_iter27_doctor_community.TestAdmin" name="test_admin_endpoints_reject_non_admin" time="0.095" /><testcase classname="backend.tests.test_iter27_doctor_community.TestAdmin" name="test_ban_unban_roundtrip" time="0.741" /><testcase classname="backend.tests.test_iter27_doctor_community.TestAdmin" name="test_broadcast_creates_pinned_and_notifies" time="0.202" /><testcase classname="backend.tests.test_iter27_doctor_community.TestAdmin" name="test_admin_reports_list_and_resolve" time="0.295" /><testcase classname="backend.tests.test_iter27_doctor_community.TestRegression" name="test_public_doctors" time="0.109" /><testcase classname="backend.tests.test_iter27_doctor_community.TestRegression" name="test_patient_community_feed" time="0.096" /><testcase classname="backend.tests.test_iter27_doctor_community.TestRegression" name="test_engagement_available" time="0.088" /><testcase classname="backend.tests.test_iter27_doctor_community.TestRegression" name="test_quizzes" time="0.093" /><testcase classname="backend.tests.test_iter27_doctor_community.TestRegression" name="test_auth_login_still_works" time="0.316" /></testsuite></testsuites>