<?xml version="1.0" encoding="utf-8"?><testsuites name="pytest tests"><testsuite name="pytest" errors="0" failures="0" skipped="0" tests="9" time="2.470" timestamp="2026-07-26T18:02:45.442735+00:00" hostname="agent-env-3bb3f580-1b45-49e2-807f-5dd171852300"><testcase classname="backend.tests.test_iter23_doctor_avatar" name="test_doctor_onboard_with_avatar" time="0.478" /><testcase classname="backend.tests.test_iter23_doctor_avatar" name="test_doctor_update_profile_bio_and_avatar" time="0.244" /><testcase classname="backend.tests.test_iter23_doctor_avatar" name="test_doctor_update_profile_data_uri_prefixed" time="0.099" /><testcase classname="backend.tests.test_iter23_doctor_avatar" name="test_patient_cannot_update_doctor_profile" time="0.468" /><testcase classname="backend.tests.test_iter23_doctor_avatar" name="test_doctor_update_profile_no_fields" time="0.099" /><testcase classname="backend.tests.test_iter23_doctor_avatar" name="test_doctor_update_profile_without_onboarding" time="0.416" /><testcase classname="backend.tests.test_iter23_doctor_avatar" name="test_doctor_update_profile_avatar_too_large" time="0.408" /><testcase classname="backend.tests.test_iter23_doctor_avatar" name="test_public_doctors_list_regression" time="0.099" /><testcase classname="backend.tests.test_iter23_doctor_avatar" name="test_doctor_profile_requires_auth" time="0.132" /></testsuite></testsuites>