<?xml version="1.0" encoding="utf-8"?><testsuites name="pytest tests"><testsuite name="pytest" errors="0" failures="0" skipped="0" tests="12" time="4.622" timestamp="2026-07-19T20:03:17.361215+00:00" hostname="agent-env-3bb3f580-1b45-49e2-807f-5dd171852300"><testcase classname="backend.tests.test_video_consultation.TestVideoSession" name="test_instant_consult_returns_full_payload" time="1.015" /><testcase classname="backend.tests.test_video_consultation.TestVideoSession" name="test_scheduled_appointment_success" time="0.514" /><testcase classname="backend.tests.test_video_consultation.TestVideoSession" name="test_scheduled_appointment_persists_room_on_doc" time="0.671" /><testcase classname="backend.tests.test_video_consultation.TestVideoSession" name="test_no_body_returns_400" time="0.188" /><testcase classname="backend.tests.test_video_consultation.TestVideoSession" name="test_appointment_not_owned_by_caller_returns_403" time="0.508" /><testcase classname="backend.tests.test_video_consultation.TestVideoSession" name="test_unauth_returns_401_or_403" time="0.111" /><testcase classname="backend.tests.test_video_consultation.TestVideoSession" name="test_invalid_appointment_id_returns_404" time="0.110" /><testcase classname="backend.tests.test_video_consultation.TestVideoSession" name="test_invalid_doctor_id_returns_404" time="0.098" /><testcase classname="backend.tests.test_video_consultation.TestVideoEmbed" name="test_embed_html_returned" time="0.529" /><testcase classname="backend.tests.test_video_consultation.TestVideoEmbed" name="test_embed_invalid_room_returns_400" time="0.109" /><testcase classname="backend.tests.test_video_consultation.TestAppointmentNoDuplicateInsert" name="test_single_booking_creates_exactly_one" time="0.323" /><testcase classname="backend.tests.test_video_consultation.TestAdminRegression" name="test_admin_login_and_patients_aggregation" time="0.427" /></testsuite></testsuites>