<?xml version="1.0" encoding="utf-8"?><testsuites name="pytest tests"><testsuite name="pytest" errors="0" failures="0" skipped="0" tests="38" time="13.389" timestamp="2026-07-19T12:22:28.045036+00:00" hostname="agent-env-3bb3f580-1b45-49e2-807f-5dd171852300"><testcase classname="backend.tests.test_backend_api.TestHealth" name="test_root_health" time="0.168" /><testcase classname="backend.tests.test_backend_api.TestAuth" name="test_register_patient" time="0.279" /><testcase classname="backend.tests.test_backend_api.TestAuth" name="test_register_doctor" time="0.310" /><testcase classname="backend.tests.test_backend_api.TestAuth" name="test_register_duplicate_email" time="0.048" /><testcase classname="backend.tests.test_backend_api.TestAuth" name="test_login_valid" time="0.271" /><testcase classname="backend.tests.test_backend_api.TestAuth" name="test_login_invalid" time="0.269" /><testcase classname="backend.tests.test_backend_api.TestAuth" name="test_me_with_bearer" time="0.052" /><testcase classname="backend.tests.test_backend_api.TestAuth" name="test_me_without_bearer" time="0.054" /><testcase classname="backend.tests.test_backend_api.TestPatientProfile" name="test_put_and_get_profile" time="0.103" /><testcase classname="backend.tests.test_backend_api.TestPatientProfile" name="test_doctor_cannot_update_patient_profile" time="0.045" /><testcase classname="backend.tests.test_backend_api.TestDoctors" name="test_list_doctors" time="0.049" /><testcase classname="backend.tests.test_backend_api.TestDoctors" name="test_filter_by_specialty" time="0.048" /><testcase classname="backend.tests.test_backend_api.TestDoctors" name="test_get_doctor_by_id" time="0.096" /><testcase classname="backend.tests.test_backend_api.TestDoctors" name="test_get_doctor_404" time="0.048" /><testcase classname="backend.tests.test_backend_api.TestAppointments" name="test_book_appointment_and_list" time="0.145" /><testcase classname="backend.tests.test_backend_api.TestAppointments" name="test_book_appointment_bad_doctor" time="0.049" /><testcase classname="backend.tests.test_backend_api.TestFeed" name="test_feed" time="0.050" /><testcase classname="backend.tests.test_backend_api.TestFeed" name="test_daily_tip" time="0.046" /><testcase classname="backend.tests.test_backend_api.TestReminders" name="test_reminder_crud" time="0.192" /><testcase classname="backend.tests.test_backend_api.TestReminders" name="test_delete_unknown_reminder_404" time="0.050" /><testcase classname="backend.tests.test_backend_api.TestChallenges" name="test_list_and_join" time="0.149" /><testcase classname="backend.tests.test_backend_api.TestChallenges" name="test_join_unknown_challenge" time="0.047" /><testcase classname="backend.tests.test_backend_api.TestChat" name="test_chat_message_and_history" time="8.647" /><testcase classname="backend.tests.test_backend_api.TestAnalytics" name="test_track_event" time="0.048" /><testcase classname="backend.tests.test_backend_api.TestAnalytics" name="test_analytics_requires_auth" time="0.049" /><testcase classname="backend.tests.test_new_features.TestDoctorRegistrationNumber" name="test_register_doctor_with_registration_number" time="0.316" /><testcase classname="backend.tests.test_new_features.TestAppointmentDefaults" name="test_new_appointment_has_paid_false_amount_and_null_prescription" time="0.099" /><testcase classname="backend.tests.test_new_features.TestAppointmentPayment" name="test_pay_appointment_marks_paid" time="0.204" /><testcase classname="backend.tests.test_new_features.TestAppointmentPayment" name="test_pay_unknown_appt_404" time="0.049" /><testcase classname="backend.tests.test_new_features.TestPrescription" name="test_patient_can_add_prescription" time="0.203" /><testcase classname="backend.tests.test_new_features.TestPrescription" name="test_third_party_cannot_add_prescription" time="0.407" /><testcase classname="backend.tests.test_new_features.TestPrescription" name="test_prescription_unknown_appt_404" time="0.048" /><testcase classname="backend.tests.test_new_features.TestListPrescriptions" name="test_list_prescriptions_only_returns_appts_with_prescription" time="0.293" /><testcase classname="backend.tests.test_new_features.TestReports" name="test_add_and_list_report" time="0.092" /><testcase classname="backend.tests.test_new_features.TestReports" name="test_reports_are_scoped_to_user" time="0.095" /><testcase classname="backend.tests.test_new_features.TestReports" name="test_delete_report" time="0.144" /><testcase classname="backend.tests.test_new_features.TestReports" name="test_delete_unknown_report_404" time="0.047" /><testcase classname="backend.tests.test_new_features.TestReports" name="test_reports_require_auth" time="0.045" /></testsuite></testsuites>