<?xml version="1.0" encoding="utf-8"?><testsuites name="pytest tests"><testsuite name="pytest" errors="0" failures="0" skipped="1" tests="27" time="36.146" timestamp="2026-08-17T08:40:36.421382+00:00" hostname="agent-env-3bb3f580-1b45-49e2-807f-5dd171852300"><testcase classname="backend.tests.test_iter30_onboarding_funnel.TestOnboardingConfig" name="test_config_returns_expected_shape" time="0.287" /><testcase classname="backend.tests.test_iter30_onboarding_funnel.TestPhoneOTPSend" name="test_send_otp_valid_phone" time="0.067" /><testcase classname="backend.tests.test_iter30_onboarding_funnel.TestPhoneOTPSend" name="test_send_otp_invalid_phone[12345]" time="0.057" /><testcase classname="backend.tests.test_iter30_onboarding_funnel.TestPhoneOTPSend" name="test_send_otp_invalid_phone[1234567890]" time="0.057" /><testcase classname="backend.tests.test_iter30_onboarding_funnel.TestPhoneOTPSend" name="test_send_otp_invalid_phone[abcdefghij]" time="0.057" /><testcase classname="backend.tests.test_iter30_onboarding_funnel.TestPhoneOTPSend" name="test_send_otp_invalid_phone[5555555555]" time="0.056" /><testcase classname="backend.tests.test_iter30_onboarding_funnel.TestPhoneOTPSend" name="test_send_otp_cooldown_29s" time="0.113" /><testcase classname="backend.tests.test_iter30_onboarding_funnel.TestPhoneOTPVerify" name="test_verify_new_user_success" time="0.113" /><testcase classname="backend.tests.test_iter30_onboarding_funnel.TestPhoneOTPVerify" name="test_verify_new_user_without_name_fails" time="0.116" /><testcase classname="backend.tests.test_iter30_onboarding_funnel.TestPhoneOTPVerify" name="test_verify_existing_user_no_name_required" time="31.236" /><testcase classname="backend.tests.test_iter30_onboarding_funnel.TestPhoneOTPVerify" name="test_verify_three_wrong_attempts_locks" time="0.228" /><testcase classname="backend.tests.test_iter30_onboarding_funnel.TestGoogleSession" name="test_invalid_session_id_returns_401" time="0.162" /><testcase classname="backend.tests.test_iter30_onboarding_funnel.TestUsersMePatch" name="test_update_language" time="0.181" /><testcase classname="backend.tests.test_iter30_onboarding_funnel.TestUsersMePatch" name="test_update_call_preference_syncs_to_lead" time="0.234" /><testcase classname="backend.tests.test_iter30_onboarding_funnel.TestUsersMePatch" name="test_update_duplicate_phone_rejected" time="0.288" /><testcase classname="backend.tests.test_iter30_onboarding_funnel.TestQuizScoring" name="test_pure_dosha_scoring[answers0-Vata]" time="0.171" /><testcase classname="backend.tests.test_iter30_onboarding_funnel.TestQuizScoring" name="test_pure_dosha_scoring[answers1-Pitta]" time="0.174" /><testcase classname="backend.tests.test_iter30_onboarding_funnel.TestQuizScoring" name="test_pure_dosha_scoring[answers2-Kapha]" time="0.173" /><testcase classname="backend.tests.test_iter30_onboarding_funnel.TestQuizScoring" name="test_mixed_4a_4b_returns_vata_pitta" time="0.171"><skipped type="pytest.xfail" message="BUG: spec expects 'Vata-Pitta' but got 'Pitta-Vata'. Description falls back to Tridosha copy since 'Pitta-Vata' isn't in PRAKRITI_COPY." /></testcase><testcase classname="backend.tests.test_iter30_onboarding_funnel.TestQuizScoring" name="test_mixed_3a_3b_2c_returns_tridosha" time="0.172" /><testcase classname="backend.tests.test_iter30_onboarding_funnel.TestQuizSubmitBehaviour" name="test_full_result_shape" time="0.170" /><testcase classname="backend.tests.test_iter30_onboarding_funnel.TestQuizSubmitBehaviour" name="test_invalid_health_concern_rejected" time="0.171" /><testcase classname="backend.tests.test_iter30_onboarding_funnel.TestQuizSubmitBehaviour" name="test_second_submit_updates_lead_not_duplicate" time="0.291" /><testcase classname="backend.tests.test_iter30_onboarding_funnel.TestQuizMine" name="test_language_switch_changes_description" time="0.344" /><testcase classname="backend.tests.test_iter30_onboarding_funnel.TestRegression" name="test_email_password_register_and_login_still_works" time="0.562" /><testcase classname="backend.tests.test_iter30_onboarding_funnel.TestRegression" name="test_admin_route_still_gated" time="0.058" /><testcase classname="backend.tests.test_iter30_onboarding_funnel.TestRegression" name="test_admin_login_and_dashboard" time="0.355" /></testsuite></testsuites>