<?xml version="1.0" encoding="utf-8"?><testsuites name="pytest tests"><testsuite name="pytest" errors="0" failures="1" skipped="0" tests="29" time="3.095" timestamp="2026-07-26T18:36:27.370538+00:00" hostname="agent-env-3bb3f580-1b45-49e2-807f-5dd171852300"><testcase classname="backend.tests.test_iter25_engagement_quizzes.TestEngagementMe" name="test_shape_and_defaults" time="0.497" /><testcase classname="backend.tests.test_iter25_engagement_quizzes.TestEngagementMe" name="test_requires_auth" time="0.047" /><testcase classname="backend.tests.test_iter25_engagement_quizzes.TestEngagementCheckin" name="test_first_checkin_awards_and_grants_first_step" time="0.095" /><testcase classname="backend.tests.test_iter25_engagement_quizzes.TestEngagementCheckin" name="test_second_checkin_same_day_is_idempotent" time="0.094" /><testcase classname="backend.tests.test_iter25_engagement_quizzes.TestEngagementCheckin" name="test_requires_auth" time="0.045" /><testcase classname="backend.tests.test_iter25_engagement_quizzes.TestStreakProgression" name="test_consecutive_day_increments_streak" time="0.376" /><testcase classname="backend.tests.test_iter25_engagement_quizzes.TestStreakProgression" name="test_broken_chain_resets_streak_to_1" time="0.048" /><testcase classname="backend.tests.test_iter25_engagement_quizzes.TestLevelMapping" name="test_levels[0-1-Seeker-100-Explorer]" time="0.045" /><testcase classname="backend.tests.test_iter25_engagement_quizzes.TestLevelMapping" name="test_levels[99-1-Seeker-100-Explorer]" time="0.047" /><testcase classname="backend.tests.test_iter25_engagement_quizzes.TestLevelMapping" name="test_levels[100-2-Explorer-300-Practitioner]" time="0.054" /><testcase classname="backend.tests.test_iter25_engagement_quizzes.TestLevelMapping" name="test_levels[299-2-Explorer-300-Practitioner]" time="0.049" /><testcase classname="backend.tests.test_iter25_engagement_quizzes.TestLevelMapping" name="test_levels[300-3-Practitioner-700-Sadhak]" time="0.044" /><testcase classname="backend.tests.test_iter25_engagement_quizzes.TestLevelMapping" name="test_levels[700-4-Sadhak-1500-Adhikari]" time="0.045" /><testcase classname="backend.tests.test_iter25_engagement_quizzes.TestLevelMapping" name="test_levels[1500-5-Adhikari-3000-Vaidhya Ratna]" time="0.050" /><testcase classname="backend.tests.test_iter25_engagement_quizzes.TestLevelMapping" name="test_levels[3000-6-Vaidhya Ratna-None-None]" time="0.062" /><testcase classname="backend.tests.test_iter25_engagement_quizzes.TestQuizzesCatalogue" name="test_lists_four_seeded_quizzes" time="0.314" /><testcase classname="backend.tests.test_iter25_engagement_quizzes.TestQuizzesCatalogue" name="test_get_quiz_does_not_leak_correct" time="0.073" /><testcase classname="backend.tests.test_iter25_engagement_quizzes.TestQuizzesCatalogue" name="test_get_quiz_unknown_id_returns_404" time="0.046" /><testcase classname="backend.tests.test_iter25_engagement_quizzes.TestQuizzesCatalogue" name="test_requires_auth" time="0.094" /><testcase classname="backend.tests.test_iter25_engagement_quizzes.TestQuizSubmit" name="test_wrong_answer_count_returns_400" time="0.051" /><testcase classname="backend.tests.test_iter25_engagement_quizzes.TestQuizSubmit" name="test_perfect_score_awards_bonus_and_quiz_master" time="0.094" /><testcase classname="backend.tests.test_iter25_engagement_quizzes.TestQuizSubmit" name="test_best_score_reflected_in_listing" time="0.052" /><testcase classname="backend.tests.test_iter25_engagement_quizzes.TestQuizSubmit" name="test_partial_score_no_bonus" time="0.054" /><testcase classname="backend.tests.test_iter25_engagement_quizzes.TestQuizSubmit" name="test_submit_unknown_quiz_returns_404" time="0.056" /><testcase classname="backend.tests.test_iter25_engagement_quizzes.TestQuizSubmit" name="test_requires_auth" time="0.044" /><testcase classname="backend.tests.test_iter25_engagement_quizzes.TestRegression" name="test_public_doctors_listing_shape" time="0.046"><failure message="AssertionError: regression: doctors missing is_available&#10;assert 'is_available' in {'id': 'b7d147f4-79dc-4ed0-8d86-b76df717b5dd', 'name': 'Dr. Meera Sharma', 'specialty': 'Ayurveda', 'qualification': 'BAMS, MD (Ayu)', ...}">backend/tests/test_iter25_engagement_quizzes.py:388: in test_public_doctors_listing_shape
    assert "is_available" in d, "regression: doctors missing is_available"
E   AssertionError: regression: doctors missing is_available
E   assert 'is_available' in {'id': 'b7d147f4-79dc-4ed0-8d86-b76df717b5dd', 'name': 'Dr. Meera Sharma', 'specialty': 'Ayurveda', 'qualification': 'BAMS, MD (Ayu)', ...}</failure></testcase><testcase classname="backend.tests.test_iter25_engagement_quizzes.TestRegression" name="test_doctor_availability_get_requires_doctor_role" time="0.051" /><testcase classname="backend.tests.test_iter25_engagement_quizzes.TestRegression" name="test_doctor_availability_get_for_doctor" time="0.321" /><testcase classname="backend.tests.test_iter25_engagement_quizzes.TestRegression" name="test_auth_login_still_works" time="0.047" /></testsuite></testsuites>