<?xml version="1.0" encoding="utf-8"?><testsuites name="pytest tests"><testsuite name="pytest" errors="0" failures="0" skipped="0" tests="13" time="3.841" timestamp="2026-07-21T05:26:30.502157+00:00" hostname="agent-env-3bb3f580-1b45-49e2-807f-5dd171852300"><testcase classname="backend.tests.test_razorpay_payments.TestCreateOrder" name="test_create_order_happy_path" time="0.786" /><testcase classname="backend.tests.test_razorpay_payments.TestCreateOrder" name="test_amount_too_small" time="0.045" /><testcase classname="backend.tests.test_razorpay_payments.TestCreateOrder" name="test_currency_not_inr" time="0.050" /><testcase classname="backend.tests.test_razorpay_payments.TestCreateOrder" name="test_auth_required" time="0.041" /><testcase classname="backend.tests.test_razorpay_payments.TestVerifySignature" name="test_valid_signature" time="0.428" /><testcase classname="backend.tests.test_razorpay_payments.TestVerifySignature" name="test_invalid_signature" time="0.391" /><testcase classname="backend.tests.test_razorpay_payments.TestVerifySignature" name="test_cross_user_forbidden" time="0.634" /><testcase classname="backend.tests.test_razorpay_payments.TestVerifySignature" name="test_appointment_side_effect" time="0.450" /><testcase classname="backend.tests.test_razorpay_payments.TestMyPayments" name="test_list_mine" time="0.045" /><testcase classname="backend.tests.test_razorpay_payments.TestCheckoutPage" name="test_html_page" time="0.043" /><testcase classname="backend.tests.test_razorpay_payments.TestCheckoutPage" name="test_invalid_order_id" time="0.043" /><testcase classname="backend.tests.test_razorpay_payments.TestRegression" name="test_admin_login_and_patients" time="0.315" /><testcase classname="backend.tests.test_razorpay_payments.TestRegression" name="test_video_session_creates" time="0.473" /></testsuite></testsuites>