<?xml version="1.0" encoding="utf-8"?><testsuites name="pytest tests"><testsuite name="pytest" errors="0" failures="0" skipped="0" tests="10" time="5.811" timestamp="2026-08-21T07:26:29.699445+00:00" hostname="agent-env-3bb3f580-1b45-49e2-807f-5dd171852300"><testcase classname="tests.test_iter33_security_fixes.TestSEC001_OTPMockEcho" name="test_dev_mode_returns_dev_hint" time="0.146" /><testcase classname="tests.test_iter33_security_fixes.TestSEC001_OTPMockEcho" name="test_dev_mode_verify_still_works" time="0.239" /><testcase classname="tests.test_iter33_security_fixes.TestSEC001_OTPMockEcho" name="test_prod_mode_omits_dev_hint" time="1.813" /><testcase classname="tests.test_iter33_security_fixes.TestSEC002_GoogleSessionUrlScrub" name="test_replaceState_called_in_handleGoogleCallback" time="0.001" /><testcase classname="tests.test_iter33_security_fixes.TestSEC003_CSVFormulaInjection" name="test_csv_export_prefixes_dangerous_cells" time="0.464" /><testcase classname="tests.test_iter33_security_fixes.TestFileDownloadHardening" name="test_download_headers_include_hardening" time="1.103" /><testcase classname="tests.test_iter33_security_fixes.TestOTPRegression" name="test_send_otp_cooldown_30s" time="0.322" /><testcase classname="tests.test_iter33_security_fixes.TestOTPRegression" name="test_verify_otp_3_attempts_then_lock" time="0.618" /><testcase classname="tests.test_iter33_security_fixes.TestPhase1Smoke" name="test_quiz_submit" time="0.503" /><testcase classname="tests.test_iter33_security_fixes.TestPhase1Smoke" name="test_presales_list_admin_ok" time="0.488" /></testsuite></testsuites>