<?xml version="1.0" encoding="utf-8"?><testsuites name="pytest tests"><testsuite name="pytest" errors="0" failures="0" skipped="0" tests="45" time="9.217" timestamp="2026-07-23T04:47:02.590737+00:00" hostname="agent-env-3bb3f580-1b45-49e2-807f-5dd171852300"><testcase classname="backend.tests.test_iter19_wellness_family.TestPhoneRegistration" name="test_register_valid_10digit" time="0.458" /><testcase classname="backend.tests.test_iter19_wellness_family.TestPhoneRegistration" name="test_register_with_plus91" time="0.368" /><testcase classname="backend.tests.test_iter19_wellness_family.TestPhoneRegistration" name="test_register_with_91_prefix" time="0.335" /><testcase classname="backend.tests.test_iter19_wellness_family.TestPhoneRegistration" name="test_register_with_spaces_and_plus" time="0.375" /><testcase classname="backend.tests.test_iter19_wellness_family.TestPhoneRegistration" name="test_register_missing_phone_returns_422" time="0.097" /><testcase classname="backend.tests.test_iter19_wellness_family.TestPhoneRegistration" name="test_register_short_phone_returns_422" time="0.150" /><testcase classname="backend.tests.test_iter19_wellness_family.TestPhoneRegistration" name="test_register_starts_with_1_returns_422" time="0.092" /><testcase classname="backend.tests.test_iter19_wellness_family.TestPhoneRegistration" name="test_register_starts_with_5_returns_422" time="0.095" /><testcase classname="backend.tests.test_iter19_wellness_family.TestWellnessLog" name="test_bmi_computed_and_categorised" time="0.453" /><testcase classname="backend.tests.test_iter19_wellness_family.TestWellnessLog" name="test_bmi_missing_height_returns_400" time="0.133" /><testcase classname="backend.tests.test_iter19_wellness_family.TestWellnessLog" name="test_bp_categorisation[118-78-Normal]" time="0.108" /><testcase classname="backend.tests.test_iter19_wellness_family.TestWellnessLog" name="test_bp_categorisation[125-78-Elevated]" time="0.096" /><testcase classname="backend.tests.test_iter19_wellness_family.TestWellnessLog" name="test_bp_categorisation[135-85-Stage 1]" time="0.099" /><testcase classname="backend.tests.test_iter19_wellness_family.TestWellnessLog" name="test_bp_categorisation[150-95-Stage 2]" time="0.096" /><testcase classname="backend.tests.test_iter19_wellness_family.TestWellnessLog" name="test_bp_missing_diastolic_returns_400" time="0.149" /><testcase classname="backend.tests.test_iter19_wellness_family.TestWellnessLog" name="test_sugar_fasting_categorisation[90-Normal]" time="0.097" /><testcase classname="backend.tests.test_iter19_wellness_family.TestWellnessLog" name="test_sugar_fasting_categorisation[110-Pre-diabetic]" time="0.097" /><testcase classname="backend.tests.test_iter19_wellness_family.TestWellnessLog" name="test_sugar_fasting_categorisation[130-Diabetic]" time="0.105" /><testcase classname="backend.tests.test_iter19_wellness_family.TestWellnessLog" name="test_simple_types[weight-70.2]" time="0.115" /><testcase classname="backend.tests.test_iter19_wellness_family.TestWellnessLog" name="test_simple_types[sleep-7.5]" time="0.091" /><testcase classname="backend.tests.test_iter19_wellness_family.TestWellnessLog" name="test_simple_types[steps-8000]" time="0.096" /><testcase classname="backend.tests.test_iter19_wellness_family.TestWellnessLog" name="test_simple_types[water-8]" time="0.096" /><testcase classname="backend.tests.test_iter19_wellness_family.TestWellnessLog" name="test_simple_types[mood-4]" time="0.091" /><testcase classname="backend.tests.test_iter19_wellness_family.TestWellnessLog" name="test_simple_type_missing_value_returns_400" time="0.093" /><testcase classname="backend.tests.test_iter19_wellness_family.TestWellnessLog" name="test_auth_required" time="0.092" /><testcase classname="backend.tests.test_iter19_wellness_family.TestWellnessHistoryDashboardDelete" name="test_history_scoped_to_user" time="0.511" /><testcase classname="backend.tests.test_iter19_wellness_family.TestWellnessHistoryDashboardDelete" name="test_dashboard_shape" time="0.099" /><testcase classname="backend.tests.test_iter19_wellness_family.TestWellnessHistoryDashboardDelete" name="test_delete_log_and_second_call_404" time="0.363" /><testcase classname="backend.tests.test_iter19_wellness_family.TestWellnessHistoryDashboardDelete" name="test_dashboard_auth_required" time="0.116" /><testcase classname="backend.tests.test_iter19_wellness_family.TestWellnessHistoryDashboardDelete" name="test_history_auth_required" time="0.092" /><testcase classname="backend.tests.test_iter19_wellness_family.TestFamilyMembersCRUD" name="test_create_member" time="0.097" /><testcase classname="backend.tests.test_iter19_wellness_family.TestFamilyMembersCRUD" name="test_list_members" time="0.094" /><testcase classname="backend.tests.test_iter19_wellness_family.TestFamilyMembersCRUD" name="test_get_member" time="0.199" /><testcase classname="backend.tests.test_iter19_wellness_family.TestFamilyMembersCRUD" name="test_update_member" time="0.292" /><testcase classname="backend.tests.test_iter19_wellness_family.TestFamilyMembersCRUD" name="test_growth_entry_with_bmi" time="0.297" /><testcase classname="backend.tests.test_iter19_wellness_family.TestFamilyMembersCRUD" name="test_vaccination_entry" time="0.298" /><testcase classname="backend.tests.test_iter19_wellness_family.TestFamilyMembersCRUD" name="test_delete_vaccination" time="0.402" /><testcase classname="backend.tests.test_iter19_wellness_family.TestFamilyMembersCRUD" name="test_delete_growth" time="0.380" /><testcase classname="backend.tests.test_iter19_wellness_family.TestFamilyMembersCRUD" name="test_delete_member" time="0.302" /><testcase classname="backend.tests.test_iter19_wellness_family.TestFamilyMembersCRUD" name="test_user_scoping_cross_access_404" time="0.184" /><testcase classname="backend.tests.test_iter19_wellness_family.TestFamilyMembersCRUD" name="test_family_auth_required" time="0.189" /><testcase classname="backend.tests.test_iter19_wellness_family.TestRegression" name="test_admin_login" time="0.314" /><testcase classname="backend.tests.test_iter19_wellness_family.TestRegression" name="test_doctors_list_public" time="0.096" /><testcase classname="backend.tests.test_iter19_wellness_family.TestRegression" name="test_appointment_auth_guard" time="0.094" /><testcase classname="backend.tests.test_iter19_wellness_family.TestRegression" name="test_login_after_phone_registration" time="0.645" /></testsuite></testsuites>