<?xml version="1.0" encoding="utf-8"?><testsuites name="pytest tests"><testsuite name="pytest" errors="0" failures="0" skipped="0" tests="11" time="6.513" timestamp="2026-07-21T05:26:00.870368+00:00" hostname="agent-env-3bb3f580-1b45-49e2-807f-5dd171852300"><testcase classname="backend.tests.test_push_notifications.TestRegisterPush" name="test_register_push_valid_payload" time="0.495" /><testcase classname="backend.tests.test_push_notifications.TestRegisterPush" name="test_register_push_missing_field" time="0.043" /><testcase classname="backend.tests.test_push_notifications.TestRegisterPush" name="test_register_push_ios_platform" time="0.053" /><testcase classname="backend.tests.test_push_notifications.TestAppointmentPush" name="test_appointment_create_succeeds_with_placeholder_push" time="1.309" /><testcase classname="backend.tests.test_push_notifications.TestPrescriptionPush" name="test_doctor_adds_prescription_notifies_patient" time="0.153" /><testcase classname="backend.tests.test_push_notifications.TestPrescriptionPush" name="test_prescription_not_allowed_for_third_party" time="0.427" /><testcase classname="backend.tests.test_push_notifications.TestAdminDoctorApprovePush" name="test_approve_pending_doctor" time="1.435" /><testcase classname="backend.tests.test_push_notifications.TestAdminDoctorApprovePush" name="test_approve_missing_doctor_404" time="0.314" /><testcase classname="backend.tests.test_push_notifications.TestPaymentVerifyPush" name="test_valid_payment_verify_and_push" time="1.926" /><testcase classname="backend.tests.test_push_notifications.TestAdminBroadcast" name="test_admin_broadcast_non_blocking" time="0.320" /><testcase classname="backend.tests.test_push_notifications.TestSendPushInvocation" name="test_backend_logs_show_push_activity" time="0.006" /></testsuite></testsuites>