<?xml version="1.0" encoding="utf-8"?><testsuites name="pytest tests"><testsuite name="pytest" errors="0" failures="0" skipped="0" tests="13" time="2.505" timestamp="2026-07-19T12:22:20.796029+00:00" hostname="agent-env-3bb3f580-1b45-49e2-807f-5dd171852300"><testcase classname="backend.tests.test_new_features.TestDoctorRegistrationNumber" name="test_register_doctor_with_registration_number" time="0.508" /><testcase classname="backend.tests.test_new_features.TestAppointmentDefaults" name="test_new_appointment_has_paid_false_amount_and_null_prescription" time="0.362" /><testcase classname="backend.tests.test_new_features.TestAppointmentPayment" name="test_pay_appointment_marks_paid" time="0.199" /><testcase classname="backend.tests.test_new_features.TestAppointmentPayment" name="test_pay_unknown_appt_404" time="0.045" /><testcase classname="backend.tests.test_new_features.TestPrescription" name="test_patient_can_add_prescription" time="0.187" /><testcase classname="backend.tests.test_new_features.TestPrescription" name="test_third_party_cannot_add_prescription" time="0.401" /><testcase classname="backend.tests.test_new_features.TestPrescription" name="test_prescription_unknown_appt_404" time="0.046" /><testcase classname="backend.tests.test_new_features.TestListPrescriptions" name="test_list_prescriptions_only_returns_appts_with_prescription" time="0.274" /><testcase classname="backend.tests.test_new_features.TestReports" name="test_add_and_list_report" time="0.114" /><testcase classname="backend.tests.test_new_features.TestReports" name="test_reports_are_scoped_to_user" time="0.091" /><testcase classname="backend.tests.test_new_features.TestReports" name="test_delete_report" time="0.137" /><testcase classname="backend.tests.test_new_features.TestReports" name="test_delete_unknown_report_404" time="0.050" /><testcase classname="backend.tests.test_new_features.TestReports" name="test_reports_require_auth" time="0.047" /></testsuite></testsuites>