<?xml version="1.0" encoding="utf-8"?><testsuites name="pytest tests"><testsuite name="pytest" errors="0" failures="1" skipped="0" tests="12" time="4.426" timestamp="2026-07-19T20:00:23.937710+00:00" hostname="agent-env-3bb3f580-1b45-49e2-807f-5dd171852300"><testcase classname="backend.tests.test_video_consultation.TestVideoSession" name="test_instant_consult_returns_full_payload" time="1.075" /><testcase classname="backend.tests.test_video_consultation.TestVideoSession" name="test_scheduled_appointment_success" time="0.578" /><testcase classname="backend.tests.test_video_consultation.TestVideoSession" name="test_scheduled_appointment_persists_room_on_doc" time="0.312"><failure message="assert 502 == 200&#10; +  where 502 = &lt;Response [502]&gt;.status_code">backend/tests/test_video_consultation.py:117: in test_scheduled_appointment_persists_room_on_doc
    assert r1.status_code == 200
E   assert 502 == 200
E    +  where 502 = &lt;Response [502]&gt;.status_code</failure></testcase><testcase classname="backend.tests.test_video_consultation.TestVideoSession" name="test_no_body_returns_400" time="0.123" /><testcase classname="backend.tests.test_video_consultation.TestVideoSession" name="test_appointment_not_owned_by_caller_returns_403" time="0.438" /><testcase classname="backend.tests.test_video_consultation.TestVideoSession" name="test_unauth_returns_401_or_403" time="0.099" /><testcase classname="backend.tests.test_video_consultation.TestVideoSession" name="test_invalid_appointment_id_returns_404" time="0.136" /><testcase classname="backend.tests.test_video_consultation.TestVideoSession" name="test_invalid_doctor_id_returns_404" time="0.155" /><testcase classname="backend.tests.test_video_consultation.TestVideoEmbed" name="test_embed_html_returned" time="0.587" /><testcase classname="backend.tests.test_video_consultation.TestVideoEmbed" name="test_embed_invalid_room_returns_400" time="0.107" /><testcase classname="backend.tests.test_video_consultation.TestAppointmentNoDuplicateInsert" name="test_single_booking_creates_exactly_one" time="0.321" /><testcase classname="backend.tests.test_video_consultation.TestAdminRegression" name="test_admin_login_and_patients_aggregation" time="0.432" /></testsuite></testsuites>