<?xml version="1.0" encoding="utf-8"?><testsuites name="pytest tests"><testsuite name="pytest" errors="0" failures="0" skipped="0" tests="40" time="12.697" timestamp="2026-07-27T08:41:46.538538+00:00" hostname="agent-env-3bb3f580-1b45-49e2-807f-5dd171852300"><testcase classname="backend.tests.test_iter28_vaidya_charcha_phase_b.TestGuardPhaseB" name="test_patient_blocked_403[GET-/community/doctor/stories/feed]" time="0.576" /><testcase classname="backend.tests.test_iter28_vaidya_charcha_phase_b.TestGuardPhaseB" name="test_patient_blocked_403[POST-/community/doctor/stories]" time="0.146" /><testcase classname="backend.tests.test_iter28_vaidya_charcha_phase_b.TestGuardPhaseB" name="test_patient_blocked_403[GET-/community/doctor/dm/threads]" time="0.156" /><testcase classname="backend.tests.test_iter28_vaidya_charcha_phase_b.TestGuardPhaseB" name="test_patient_blocked_403[POST-/community/doctor/reels]" time="0.157" /><testcase classname="backend.tests.test_iter28_vaidya_charcha_phase_b.TestGuardPhaseB" name="test_patient_blocked_403[GET-/community/doctor/reels/feed]" time="0.098" /><testcase classname="backend.tests.test_iter28_vaidya_charcha_phase_b.TestGuardPhaseB" name="test_unverified_doctor_blocked_403[GET-/community/doctor/stories/feed]" time="0.427" /><testcase classname="backend.tests.test_iter28_vaidya_charcha_phase_b.TestGuardPhaseB" name="test_unverified_doctor_blocked_403[POST-/community/doctor/stories]" time="0.131" /><testcase classname="backend.tests.test_iter28_vaidya_charcha_phase_b.TestGuardPhaseB" name="test_unverified_doctor_blocked_403[GET-/community/doctor/dm/threads]" time="0.095" /><testcase classname="backend.tests.test_iter28_vaidya_charcha_phase_b.TestGuardPhaseB" name="test_unverified_doctor_blocked_403[POST-/community/doctor/reels]" time="0.096" /><testcase classname="backend.tests.test_iter28_vaidya_charcha_phase_b.TestGuardPhaseB" name="test_unverified_doctor_blocked_403[GET-/community/doctor/reels/feed]" time="0.101" /><testcase classname="backend.tests.test_iter28_vaidya_charcha_phase_b.TestStories" name="test_create_story_url" time="2.016" /><testcase classname="backend.tests.test_iter28_vaidya_charcha_phase_b.TestStories" name="test_create_story_base64" time="0.112" /><testcase classname="backend.tests.test_iter28_vaidya_charcha_phase_b.TestStories" name="test_stories_feed_own_bucket_first" time="1.392" /><testcase classname="backend.tests.test_iter28_vaidya_charcha_phase_b.TestStories" name="test_stories_by_doctor" time="0.099" /><testcase classname="backend.tests.test_iter28_vaidya_charcha_phase_b.TestStories" name="test_view_story_idempotent" time="0.560" /><testcase classname="backend.tests.test_iter28_vaidya_charcha_phase_b.TestStories" name="test_delete_story_author_only" time="0.302" /><testcase classname="backend.tests.test_iter28_vaidya_charcha_phase_b.TestStories" name="test_view_missing_story_404" time="0.098" /><testcase classname="backend.tests.test_iter28_vaidya_charcha_phase_b.TestDMs" name="test_dm_self_400" time="0.098" /><testcase classname="backend.tests.test_iter28_vaidya_charcha_phase_b.TestDMs" name="test_dm_patient_target_404" time="0.187" /><testcase classname="backend.tests.test_iter28_vaidya_charcha_phase_b.TestDMs" name="test_dm_unknown_target_404" time="0.100" /><testcase classname="backend.tests.test_iter28_vaidya_charcha_phase_b.TestDMs" name="test_dm_thread_created_and_reused" time="0.328" /><testcase classname="backend.tests.test_iter28_vaidya_charcha_phase_b.TestDMs" name="test_send_message_empty_400" time="0.114" /><testcase classname="backend.tests.test_iter28_vaidya_charcha_phase_b.TestDMs" name="test_send_text_and_read" time="0.511" /><testcase classname="backend.tests.test_iter28_vaidya_charcha_phase_b.TestDMs" name="test_send_image_only_ok" time="0.107" /><testcase classname="backend.tests.test_iter28_vaidya_charcha_phase_b.TestDMs" name="test_non_participant_403" time="1.236" /><testcase classname="backend.tests.test_iter28_vaidya_charcha_phase_b.TestReels" name="test_create_reel_url" time="0.124" /><testcase classname="backend.tests.test_iter28_vaidya_charcha_phase_b.TestReels" name="test_create_reel_base64_too_large_400" time="0.673" /><testcase classname="backend.tests.test_iter28_vaidya_charcha_phase_b.TestReels" name="test_reels_feed" time="0.096" /><testcase classname="backend.tests.test_iter28_vaidya_charcha_phase_b.TestReels" name="test_reels_by_doctor" time="0.128" /><testcase classname="backend.tests.test_iter28_vaidya_charcha_phase_b.TestReels" name="test_reel_like_toggle" time="0.441" /><testcase classname="backend.tests.test_iter28_vaidya_charcha_phase_b.TestReels" name="test_reel_view_increments" time="0.305" /><testcase classname="backend.tests.test_iter28_vaidya_charcha_phase_b.TestReels" name="test_delete_reel_author_only" time="0.399" /><testcase classname="backend.tests.test_iter28_vaidya_charcha_phase_b.TestEnhancedProfile" name="test_profile_includes_new_fields" time="0.096" /><testcase classname="backend.tests.test_iter28_vaidya_charcha_phase_b.TestEnhancedProfile" name="test_profile_of_other_doctor" time="0.102" /><testcase classname="backend.tests.test_iter28_vaidya_charcha_phase_b.TestRegressionPhaseA" name="test_access_probe" time="0.096" /><testcase classname="backend.tests.test_iter28_vaidya_charcha_phase_b.TestRegressionPhaseA" name="test_feed_still_works" time="0.098" /><testcase classname="backend.tests.test_iter28_vaidya_charcha_phase_b.TestRegressionPhaseA" name="test_create_post_and_read" time="0.206" /><testcase classname="backend.tests.test_iter28_vaidya_charcha_phase_b.TestRegressionPhaseA" name="test_follow_still_works" time="0.193" /><testcase classname="backend.tests.test_iter28_vaidya_charcha_phase_b.TestRegressionPhaseA" name="test_public_doctors_list" time="0.093" /><testcase classname="backend.tests.test_iter28_vaidya_charcha_phase_b.TestRegressionPhaseA" name="test_auth_login" time="0.315" /></testsuite></testsuites>