<?xml version="1.0" encoding="utf-8"?><testsuites name="pytest tests"><testsuite name="pytest" errors="0" failures="0" skipped="0" tests="9" time="74.716" timestamp="2026-07-21T07:53:45.127639+00:00" hostname="agent-env-3bb3f580-1b45-49e2-807f-5dd171852300"><testcase classname="backend.tests.test_iter17_prakriti_diet.TestPrakritiAuthAndValidation" name="test_no_auth_401" time="0.243" /><testcase classname="backend.tests.test_iter17_prakriti_diet.TestPrakritiAuthAndValidation" name="test_below_min_answers_400" time="0.473" /><testcase classname="backend.tests.test_iter17_prakriti_diet.TestPrakritiMath" name="test_pure_vata" time="0.139" /><testcase classname="backend.tests.test_iter17_prakriti_diet.TestPrakritiMath" name="test_dual_dosha_within_10pts" time="0.097" /><testcase classname="backend.tests.test_iter17_prakriti_diet.TestPrakritiMath" name="test_upsert_saves_to_patient_profile" time="0.230" /><testcase classname="backend.tests.test_iter17_prakriti_diet.TestPrakritiDoctorNoop" name="test_doctor_not_persisted" time="0.394" /><testcase classname="backend.tests.test_iter17_prakriti_diet.TestDietPlanLegacyText" name="test_legacy_generates_text_plan" time="12.296" /><testcase classname="backend.tests.test_iter17_prakriti_diet.TestDietPlanStructuredAndAutoFill" name="test_structured_auto_dosha_and_persists" time="48.992" /><testcase classname="backend.tests.test_iter17_prakriti_diet.TestDietPlanClamping" name="test_days_25_clamped_to_7" time="11.808" /></testsuite></testsuites>