<?xml version="1.0" encoding="utf-8"?><testsuites name="pytest tests"><testsuite name="pytest" errors="0" failures="0" skipped="0" tests="29" time="26.676" timestamp="2026-07-27T06:39:04.612811+00:00" hostname="agent-env-3bb3f580-1b45-49e2-807f-5dd171852300"><testcase classname="backend.tests.test_iter26_password_reset.TestRequestPasswordReset" name="test_login_default_must_change_false" time="0.802" /><testcase classname="backend.tests.test_iter26_password_reset.TestRequestPasswordReset" name="test_generic_message_for_existing_email" time="0.104" /><testcase classname="backend.tests.test_iter26_password_reset.TestRequestPasswordReset" name="test_generic_message_for_nonexistent_email" time="0.130" /><testcase classname="backend.tests.test_iter26_password_reset.TestRequestPasswordReset" name="test_duplicate_pending_not_created" time="0.975" /><testcase classname="backend.tests.test_iter26_password_reset.TestZZRateLimit" name="test_per_email_rate_limit_triggers" time="4.108" /><testcase classname="backend.tests.test_iter26_password_reset.TestZZRateLimit" name="test_per_ip_rate_limit_triggers" time="0.299" /><testcase classname="backend.tests.test_iter26_password_reset.TestAdminListPasswordResets" name="test_requires_auth" time="0.096" /><testcase classname="backend.tests.test_iter26_password_reset.TestAdminListPasswordResets" name="test_forbidden_for_patient" time="0.095" /><testcase classname="backend.tests.test_iter26_password_reset.TestAdminListPasswordResets" name="test_admin_list_pending_shape" time="0.097" /><testcase classname="backend.tests.test_iter26_password_reset.TestAdminListPasswordResets" name="test_status_filter_accepts_approved_rejected" time="0.285" /><testcase classname="backend.tests.test_iter26_password_reset.TestAdminListPasswordResets" name="test_unknown_status_returns_400" time="0.100" /><testcase classname="backend.tests.test_iter26_password_reset.TestApproveReject" name="test_approve_generates_temp_password" time="5.490" /><testcase classname="backend.tests.test_iter26_password_reset.TestApproveReject" name="test_approve_accepts_admin_supplied_temp_pw" time="1.167" /><testcase classname="backend.tests.test_iter26_password_reset.TestApproveReject" name="test_approve_weak_temp_pw_rejected" time="0.705" /><testcase classname="backend.tests.test_iter26_password_reset.TestApproveReject" name="test_approve_unknown_id_404" time="0.101" /><testcase classname="backend.tests.test_iter26_password_reset.TestApproveReject" name="test_approve_already_approved_404" time="0.190" /><testcase classname="backend.tests.test_iter26_password_reset.TestApproveReject" name="test_reject_marks_rejected_and_preserves_password" time="1.079" /><testcase classname="backend.tests.test_iter26_password_reset.TestApproveReject" name="test_reject_unknown_id_404" time="0.100" /><testcase classname="backend.tests.test_iter26_password_reset.TestChangePassword" name="test_change_password_mismatch_400" time="5.087" /><testcase classname="backend.tests.test_iter26_password_reset.TestChangePassword" name="test_change_password_weak_no_digit_400" time="1.253" /><testcase classname="backend.tests.test_iter26_password_reset.TestChangePassword" name="test_change_password_too_short_422" time="1.251" /><testcase classname="backend.tests.test_iter26_password_reset.TestChangePassword" name="test_change_password_success_flow" time="2.090" /><testcase classname="backend.tests.test_iter26_password_reset.TestRegression" name="test_register_still_requires_valid_phone" time="0.110" /><testcase classname="backend.tests.test_iter26_password_reset.TestRegression" name="test_register_rejects_leading_1_phone" time="0.098" /><testcase classname="backend.tests.test_iter26_password_reset.TestRegression" name="test_login_normal_user_still_works" time="0.315" /><testcase classname="backend.tests.test_iter26_password_reset.TestRegression" name="test_engagement_me_still_works" time="0.095" /><testcase classname="backend.tests.test_iter26_password_reset.TestRegression" name="test_quizzes_listing_still_works" time="0.101" /><testcase classname="backend.tests.test_iter26_password_reset.TestRegression" name="test_public_doctors_listing_still_works" time="0.095" /><testcase classname="backend.tests.test_iter26_password_reset.TestRegression" name="test_doctor_availability_public" time="0.189" /></testsuite></testsuites>