<?xml version="1.0" encoding="utf-8"?><testsuites name="pytest tests"><testsuite name="pytest" errors="0" failures="0" skipped="0" tests="25" time="25.598" timestamp="2026-07-19T11:57:39.904986+00:00" hostname="agent-env-3bb3f580-1b45-49e2-807f-5dd171852300"><testcase classname="backend.tests.test_backend_api.TestHealth" name="test_root_health" time="0.170" /><testcase classname="backend.tests.test_backend_api.TestAuth" name="test_register_patient" time="0.313" /><testcase classname="backend.tests.test_backend_api.TestAuth" name="test_register_doctor" time="0.269" /><testcase classname="backend.tests.test_backend_api.TestAuth" name="test_register_duplicate_email" time="0.047" /><testcase classname="backend.tests.test_backend_api.TestAuth" name="test_login_valid" time="0.266" /><testcase classname="backend.tests.test_backend_api.TestAuth" name="test_login_invalid" time="0.289" /><testcase classname="backend.tests.test_backend_api.TestAuth" name="test_me_with_bearer" time="0.045" /><testcase classname="backend.tests.test_backend_api.TestAuth" name="test_me_without_bearer" time="0.048" /><testcase classname="backend.tests.test_backend_api.TestPatientProfile" name="test_put_and_get_profile" time="0.123" /><testcase classname="backend.tests.test_backend_api.TestPatientProfile" name="test_doctor_cannot_update_patient_profile" time="0.076" /><testcase classname="backend.tests.test_backend_api.TestDoctors" name="test_list_doctors" time="0.045" /><testcase classname="backend.tests.test_backend_api.TestDoctors" name="test_filter_by_specialty" time="0.044" /><testcase classname="backend.tests.test_backend_api.TestDoctors" name="test_get_doctor_by_id" time="0.127" /><testcase classname="backend.tests.test_backend_api.TestDoctors" name="test_get_doctor_404" time="0.052" /><testcase classname="backend.tests.test_backend_api.TestAppointments" name="test_book_appointment_and_list" time="0.175" /><testcase classname="backend.tests.test_backend_api.TestAppointments" name="test_book_appointment_bad_doctor" time="0.055" /><testcase classname="backend.tests.test_backend_api.TestFeed" name="test_feed" time="0.051" /><testcase classname="backend.tests.test_backend_api.TestFeed" name="test_daily_tip" time="0.046" /><testcase classname="backend.tests.test_backend_api.TestReminders" name="test_reminder_crud" time="0.204" /><testcase classname="backend.tests.test_backend_api.TestReminders" name="test_delete_unknown_reminder_404" time="0.043" /><testcase classname="backend.tests.test_backend_api.TestChallenges" name="test_list_and_join" time="0.162" /><testcase classname="backend.tests.test_backend_api.TestChallenges" name="test_join_unknown_challenge" time="0.043" /><testcase classname="backend.tests.test_backend_api.TestChat" name="test_chat_message_and_history" time="22.766" /><testcase classname="backend.tests.test_backend_api.TestAnalytics" name="test_track_event" time="0.070" /><testcase classname="backend.tests.test_backend_api.TestAnalytics" name="test_analytics_requires_auth" time="0.044" /></testsuite></testsuites>