<?xml version="1.0" encoding="utf-8"?><testsuites name="pytest tests"><testsuite name="pytest" errors="0" failures="0" skipped="0" tests="9" time="3.664" timestamp="2026-08-17T09:06:14.891455+00:00" hostname="agent-env-3bb3f580-1b45-49e2-807f-5dd171852300"><testcase classname="backend.tests.test_iter32_presales_bugfix_retest.TestBug1_TzAwareListing" name="test_list_leads_200_with_tz_aware_legacy_row" time="0.644" /><testcase classname="backend.tests.test_iter32_presales_bugfix_retest.TestBug1_TzAwareListing" name="test_sla_breach_flag_after_20_minutes" time="0.109" /><testcase classname="backend.tests.test_iter32_presales_bugfix_retest.TestBug1_TzAwareListing" name="test_stats_shape_and_sla_minutes" time="0.101" /><testcase classname="backend.tests.test_iter32_presales_bugfix_retest.TestBug2_ConsultDoneEmptyFilter" name="test_status_history_appends_not_replaces" time="0.539" /><testcase classname="backend.tests.test_iter32_presales_bugfix_retest.TestBug2_ConsultDoneEmptyFilter" name="test_consult_done_with_user_id_flips_only_that_user" time="0.486" /><testcase classname="backend.tests.test_iter32_presales_bugfix_retest.TestBug2_ConsultDoneEmptyFilter" name="test_consult_done_without_user_id_does_not_mutate_any_user" time="0.124" /><testcase classname="backend.tests.test_iter32_presales_bugfix_retest.TestBug2_ConsultDoneEmptyFilter" name="test_consult_done_with_null_user_id_also_safe" time="0.116" /><testcase classname="backend.tests.test_iter32_presales_bugfix_retest.TestRegressionDocuments" name="test_upload_and_mine" time="0.847" /><testcase classname="backend.tests.test_iter32_presales_bugfix_retest.TestRegressionDocuments" name="test_admin_pending_and_review_reupload" time="0.572" /></testsuite></testsuites>