<?xml version="1.0" encoding="utf-8"?><testsuites name="pytest tests"><testsuite name="pytest" errors="0" failures="0" skipped="0" tests="6" time="2.369" timestamp="2026-07-21T06:21:13.044715+00:00" hostname="agent-env-3bb3f580-1b45-49e2-807f-5dd171852300"><testcase classname="backend.tests.test_iter13_regression" name="test_root" time="0.216" /><testcase classname="backend.tests.test_iter13_regression" name="test_admin_login" time="0.268" /><testcase classname="backend.tests.test_iter13_regression" name="test_register_push_endpoint" time="0.363" /><testcase classname="backend.tests.test_iter13_regression" name="test_create_appointment_non_blocking" time="0.097" /><testcase classname="backend.tests.test_iter13_regression" name="test_razorpay_create_order" time="0.917" /><testcase classname="backend.tests.test_iter13_regression" name="test_video_session_create" time="0.492" /></testsuite></testsuites>