<?xml version="1.0" encoding="utf-8"?><testsuites name="pytest tests"><testsuite name="pytest" errors="0" failures="0" skipped="0" tests="22" time="15.635" timestamp="2026-07-19T18:22:22.636125+00:00" hostname="agent-env-3bb3f580-1b45-49e2-807f-5dd171852300"><testcase classname="backend.tests.test_iter5_features.TestMedicines" name="test_list_medicines_seeded_at_least_8" time="0.252" /><testcase classname="backend.tests.test_iter5_features.TestMedicines" name="test_list_medicines_category_filter" time="0.047" /><testcase classname="backend.tests.test_iter5_features.TestMedicines" name="test_get_medicine_detail" time="0.091" /><testcase classname="backend.tests.test_iter5_features.TestMedicines" name="test_get_medicine_unknown_404" time="0.045" /><testcase classname="backend.tests.test_iter5_features.TestMedicines" name="test_order_medicines_and_total" time="0.413" /><testcase classname="backend.tests.test_iter5_features.TestMedicines" name="test_my_medicine_orders_returns_created_order" time="0.139" /><testcase classname="backend.tests.test_iter5_features.TestLabTests" name="test_list_lab_tests_seeded_at_least_5" time="0.053" /><testcase classname="backend.tests.test_iter5_features.TestLabTests" name="test_get_lab_test_detail" time="0.092" /><testcase classname="backend.tests.test_iter5_features.TestLabTests" name="test_get_lab_test_unknown_404" time="0.046" /><testcase classname="backend.tests.test_iter5_features.TestLabTests" name="test_book_lab_test" time="0.123" /><testcase classname="backend.tests.test_iter5_features.TestLabTests" name="test_my_lab_bookings" time="0.054" /><testcase classname="backend.tests.test_iter5_features.TestBlogs" name="test_list_blogs_seeded_at_least_4" time="0.046" /><testcase classname="backend.tests.test_iter5_features.TestBlogs" name="test_get_blog_returns_full_body" time="0.093" /><testcase classname="backend.tests.test_iter5_features.TestBlogs" name="test_get_blog_unknown_404" time="0.048" /><testcase classname="backend.tests.test_iter5_features.TestDietPlan" name="test_generate_diet_plan" time="12.760" /><testcase classname="backend.tests.test_iter5_features.TestDietPlan" name="test_my_diet_plans_returns_generated" time="0.048" /><testcase classname="backend.tests.test_iter5_features.TestDoctorOnboarding" name="test_doctor_me_pending" time="0.319" /><testcase classname="backend.tests.test_iter5_features.TestDoctorOnboarding" name="test_doctor_onboard_updates_entry" time="0.048" /><testcase classname="backend.tests.test_iter5_features.TestDoctorOnboarding" name="test_doctor_my_appointments_initially_empty_then_visible_after_admin_approve" time="0.515" /><testcase classname="backend.tests.test_iter5_features.TestDoctorOnboarding" name="test_doctor_my_patients_dedup" time="0.141" /><testcase classname="backend.tests.test_iter5_features.TestPush" name="test_register_push_graceful_with_placeholder_key" time="0.107" /><testcase classname="backend.tests.test_iter5_features.TestPush" name="test_admin_broadcast_returns_sent_count" time="0.094" /></testsuite></testsuites>