<?xml version="1.0" encoding="utf-8"?><testsuites name="pytest tests"><testsuite name="pytest" errors="0" failures="0" skipped="0" tests="27" time="4.818" timestamp="2026-07-26T18:21:12.646842+00:00" hostname="agent-env-3bb3f580-1b45-49e2-807f-5dd171852300"><testcase classname="tests.test_iter24_doctor_availability.TestGetAvailability" name="test_get_default_shape" time="0.569" /><testcase classname="tests.test_iter24_doctor_availability.TestGetAvailability" name="test_get_forbidden_for_patient" time="0.430" /><testcase classname="tests.test_iter24_doctor_availability.TestGetAvailability" name="test_get_requires_auth" time="0.112" /><testcase classname="tests.test_iter24_doctor_availability.TestPutAvailability" name="test_put_happy_path_full_payload" time="0.225" /><testcase classname="tests.test_iter24_doctor_availability.TestPutAvailability" name="test_put_offline_toggle" time="0.099" /><testcase classname="tests.test_iter24_doctor_availability.TestPutAvailability" name="test_put_online_toggle" time="0.111" /><testcase classname="tests.test_iter24_doctor_availability.TestPutAvailability" name="test_put_invalid_consultation_mode" time="0.101" /><testcase classname="tests.test_iter24_doctor_availability.TestPutAvailability" name="test_put_slot_duration_below_min" time="0.098" /><testcase classname="tests.test_iter24_doctor_availability.TestPutAvailability" name="test_put_slot_duration_above_max" time="0.091" /><testcase classname="tests.test_iter24_doctor_availability.TestPutAvailability" name="test_put_notes_too_long" time="0.103" /><testcase classname="tests.test_iter24_doctor_availability.TestPutAvailability" name="test_put_weekly_schedule_sanitisation" time="0.101" /><testcase classname="tests.test_iter24_doctor_availability.TestPutAvailability" name="test_put_empty_body_rejected" time="0.104" /><testcase classname="tests.test_iter24_doctor_availability.TestPutAvailability" name="test_put_forbidden_for_patient" time="0.098" /><testcase classname="tests.test_iter24_doctor_availability.TestPutAvailability" name="test_put_requires_auth" time="0.096" /><testcase classname="tests.test_iter24_doctor_availability.TestPutAvailability" name="test_put_before_onboarding_returns_404" time="0.435" /><testcase classname="tests.test_iter24_doctor_availability.TestPublicDoctorsExposesAvailability" name="test_public_list_includes_availability_fields" time="0.766" /><testcase classname="tests.test_iter24_doctor_availability.TestPublicDoctorsExposesAvailability" name="test_toggle_online_reflects_publicly" time="0.207" /><testcase classname="tests.test_iter24_doctor_availability.TestDoctorRegression" name="test_doctor_me" time="0.103" /><testcase classname="tests.test_iter24_doctor_availability.TestDoctorRegression" name="test_my_appointments_returns_list" time="0.098" /><testcase classname="tests.test_iter24_doctor_availability.TestDoctorRegression" name="test_my_patients_returns_list" time="0.098" /><testcase classname="tests.test_iter24_doctor_availability.TestDoctorRegression" name="test_earnings_returns_dict" time="0.096" /><testcase classname="tests.test_iter24_doctor_availability.TestDoctorRegression" name="test_profile_update_still_works" time="0.102" /><testcase classname="tests.test_iter24_doctor_availability.TestPlatformRegression" name="test_register_requires_phone" time="0.102" /><testcase classname="tests.test_iter24_doctor_availability.TestPlatformRegression" name="test_register_invalid_phone" time="0.095" /><testcase classname="tests.test_iter24_doctor_availability.TestPlatformRegression" name="test_wellness_history_endpoint" time="0.099" /><testcase classname="tests.test_iter24_doctor_availability.TestPlatformRegression" name="test_family_members_list" time="0.111" /><testcase classname="tests.test_iter24_doctor_availability.TestPlatformRegression" name="test_community_posts_list" time="0.101" /></testsuite></testsuites>