<?xml version="1.0" encoding="utf-8"?><testsuites name="pytest tests"><testsuite name="pytest" errors="0" failures="0" skipped="0" tests="11" time="2.420" timestamp="2026-07-19T19:41:39.320019+00:00" hostname="agent-env-3bb3f580-1b45-49e2-807f-5dd171852300"><testcase classname="backend.tests.test_deployment_readiness.TestHealth" name="test_root_health" time="0.203" /><testcase classname="backend.tests.test_deployment_readiness.TestCORS" name="test_cors_preflight_allow_origin" time="0.018" /><testcase classname="backend.tests.test_deployment_readiness.TestCORS" name="test_cors_simple_get_has_header" time="0.048" /><testcase classname="backend.tests.test_deployment_readiness.TestAdminAuth" name="test_admin_login_returns_jwt_and_flag" time="0.271" /><testcase classname="backend.tests.test_deployment_readiness.TestRegister" name="test_register_new_patient" time="0.271" /><testcase classname="backend.tests.test_deployment_readiness.TestAdminEndpoints" name="test_admin_stats" time="0.326" /><testcase classname="backend.tests.test_deployment_readiness.TestAdminEndpoints" name="test_admin_doctors_list" time="0.054" /><testcase classname="backend.tests.test_deployment_readiness.TestAdminEndpoints" name="test_admin_patients_aggregation" time="0.335" /><testcase classname="backend.tests.test_deployment_readiness.TestAdminEndpoints" name="test_admin_patients_appointments_count_increments" time="0.492" /><testcase classname="backend.tests.test_deployment_readiness.TestAdminEndpoints" name="test_admin_patients_requires_auth" time="0.047" /><testcase classname="backend.tests.test_deployment_readiness.TestAdminEndpoints" name="test_admin_patients_forbidden_for_patient" time="0.314" /></testsuite></testsuites>