<?xml version="1.0" encoding="utf-8"?><testsuites name="pytest tests"><testsuite name="pytest" errors="5" failures="1" skipped="0" tests="40" time="10.807" timestamp="2026-07-27T09:15:42.710064+00:00" hostname="agent-env-3bb3f580-1b45-49e2-807f-5dd171852300"><testcase classname="backend.tests.test_iter28_vaidya_charcha_phase_b.TestGuardPhaseB" name="test_patient_blocked_403[GET-/community/doctor/stories/feed]" time="0.530" /><testcase classname="backend.tests.test_iter28_vaidya_charcha_phase_b.TestGuardPhaseB" name="test_patient_blocked_403[POST-/community/doctor/stories]" time="0.104" /><testcase classname="backend.tests.test_iter28_vaidya_charcha_phase_b.TestGuardPhaseB" name="test_patient_blocked_403[GET-/community/doctor/dm/threads]" time="0.093" /><testcase classname="backend.tests.test_iter28_vaidya_charcha_phase_b.TestGuardPhaseB" name="test_patient_blocked_403[POST-/community/doctor/reels]" time="0.108" /><testcase classname="backend.tests.test_iter28_vaidya_charcha_phase_b.TestGuardPhaseB" name="test_patient_blocked_403[GET-/community/doctor/reels/feed]" time="0.106" /><testcase classname="backend.tests.test_iter28_vaidya_charcha_phase_b.TestGuardPhaseB" name="test_unverified_doctor_blocked_403[GET-/community/doctor/stories/feed]" time="0.423" /><testcase classname="backend.tests.test_iter28_vaidya_charcha_phase_b.TestGuardPhaseB" name="test_unverified_doctor_blocked_403[POST-/community/doctor/stories]" time="0.109" /><testcase classname="backend.tests.test_iter28_vaidya_charcha_phase_b.TestGuardPhaseB" name="test_unverified_doctor_blocked_403[GET-/community/doctor/dm/threads]" time="0.094" /><testcase classname="backend.tests.test_iter28_vaidya_charcha_phase_b.TestGuardPhaseB" name="test_unverified_doctor_blocked_403[POST-/community/doctor/reels]" time="0.101" /><testcase classname="backend.tests.test_iter28_vaidya_charcha_phase_b.TestGuardPhaseB" name="test_unverified_doctor_blocked_403[GET-/community/doctor/reels/feed]" time="0.106" /><testcase classname="backend.tests.test_iter28_vaidya_charcha_phase_b.TestStories" name="test_create_story_url" time="1.497" /><testcase classname="backend.tests.test_iter28_vaidya_charcha_phase_b.TestStories" name="test_create_story_base64" time="0.105" /><testcase classname="backend.tests.test_iter28_vaidya_charcha_phase_b.TestStories" name="test_stories_feed_own_bucket_first" time="1.348" /><testcase classname="backend.tests.test_iter28_vaidya_charcha_phase_b.TestStories" name="test_stories_by_doctor" time="0.102" /><testcase classname="backend.tests.test_iter28_vaidya_charcha_phase_b.TestStories" name="test_view_story_idempotent" time="0.507" /><testcase classname="backend.tests.test_iter28_vaidya_charcha_phase_b.TestStories" name="test_delete_story_author_only" time="0.288" /><testcase classname="backend.tests.test_iter28_vaidya_charcha_phase_b.TestStories" name="test_view_missing_story_404" time="0.096" /><testcase classname="backend.tests.test_iter28_vaidya_charcha_phase_b.TestDMs" name="test_dm_self_400" time="0.099" /><testcase classname="backend.tests.test_iter28_vaidya_charcha_phase_b.TestDMs" name="test_dm_patient_target_404" time="0.192" /><testcase classname="backend.tests.test_iter28_vaidya_charcha_phase_b.TestDMs" name="test_dm_unknown_target_404" time="0.094" /><testcase classname="backend.tests.test_iter28_vaidya_charcha_phase_b.TestDMs" name="test_dm_thread_created_and_reused" time="0.312" /><testcase classname="backend.tests.test_iter28_vaidya_charcha_phase_b.TestDMs" name="test_send_message_empty_400" time="0.098" /><testcase classname="backend.tests.test_iter28_vaidya_charcha_phase_b.TestDMs" name="test_send_text_and_read" time="0.497" /><testcase classname="backend.tests.test_iter28_vaidya_charcha_phase_b.TestDMs" name="test_send_image_only_ok" time="0.097" /><testcase classname="backend.tests.test_iter28_vaidya_charcha_phase_b.TestDMs" name="test_non_participant_403" time="1.262" /><testcase classname="backend.tests.test_iter28_vaidya_charcha_phase_b.TestReels" name="test_create_reel_url" time="0.098"><error message="failed on setup with &quot;AssertionError: {&quot;detail&quot;:&quot;Too many requests. Please slow down and try again shortly.&quot;}&#10;assert 429 == 200&#10; +  where 429 = &lt;Response [429]&gt;.status_code&quot;">backend/tests/test_iter28_vaidya_charcha_phase_b.py:437: in sample_reel
    assert r.status_code == 200, r.text
E   AssertionError: {"detail":"Too many requests. Please slow down and try again shortly."}
E   assert 429 == 200
E    +  where 429 = &lt;Response [429]&gt;.status_code</error></testcase><testcase classname="backend.tests.test_iter28_vaidya_charcha_phase_b.TestReels" name="test_create_reel_base64_too_large_400" time="0.926" /><testcase classname="backend.tests.test_iter28_vaidya_charcha_phase_b.TestReels" name="test_reels_feed" time="0.000"><error message="failed on setup with &quot;AssertionError: {&quot;detail&quot;:&quot;Too many requests. Please slow down and try again shortly.&quot;}&#10;assert 429 == 200&#10; +  where 429 = &lt;Response [429]&gt;.status_code&quot;">backend/tests/test_iter28_vaidya_charcha_phase_b.py:437: in sample_reel
    assert r.status_code == 200, r.text
E   AssertionError: {"detail":"Too many requests. Please slow down and try again shortly."}
E   assert 429 == 200
E    +  where 429 = &lt;Response [429]&gt;.status_code</error></testcase><testcase classname="backend.tests.test_iter28_vaidya_charcha_phase_b.TestReels" name="test_reels_by_doctor" time="0.000"><error message="failed on setup with &quot;AssertionError: {&quot;detail&quot;:&quot;Too many requests. Please slow down and try again shortly.&quot;}&#10;assert 429 == 200&#10; +  where 429 = &lt;Response [429]&gt;.status_code&quot;">backend/tests/test_iter28_vaidya_charcha_phase_b.py:437: in sample_reel
    assert r.status_code == 200, r.text
E   AssertionError: {"detail":"Too many requests. Please slow down and try again shortly."}
E   assert 429 == 200
E    +  where 429 = &lt;Response [429]&gt;.status_code</error></testcase><testcase classname="backend.tests.test_iter28_vaidya_charcha_phase_b.TestReels" name="test_reel_like_toggle" time="0.000"><error message="failed on setup with &quot;AssertionError: {&quot;detail&quot;:&quot;Too many requests. Please slow down and try again shortly.&quot;}&#10;assert 429 == 200&#10; +  where 429 = &lt;Response [429]&gt;.status_code&quot;">backend/tests/test_iter28_vaidya_charcha_phase_b.py:437: in sample_reel
    assert r.status_code == 200, r.text
E   AssertionError: {"detail":"Too many requests. Please slow down and try again shortly."}
E   assert 429 == 200
E    +  where 429 = &lt;Response [429]&gt;.status_code</error></testcase><testcase classname="backend.tests.test_iter28_vaidya_charcha_phase_b.TestReels" name="test_reel_view_increments" time="0.000"><error message="failed on setup with &quot;AssertionError: {&quot;detail&quot;:&quot;Too many requests. Please slow down and try again shortly.&quot;}&#10;assert 429 == 200&#10; +  where 429 = &lt;Response [429]&gt;.status_code&quot;">backend/tests/test_iter28_vaidya_charcha_phase_b.py:437: in sample_reel
    assert r.status_code == 200, r.text
E   AssertionError: {"detail":"Too many requests. Please slow down and try again shortly."}
E   assert 429 == 200
E    +  where 429 = &lt;Response [429]&gt;.status_code</error></testcase><testcase classname="backend.tests.test_iter28_vaidya_charcha_phase_b.TestReels" name="test_delete_reel_author_only" time="0.107"><failure message="assert 429 == 200&#10; +  where 429 = &lt;Response [429]&gt;.status_code">backend/tests/test_iter28_vaidya_charcha_phase_b.py:508: in test_delete_reel_author_only
    assert r.status_code == 200
E   assert 429 == 200
E    +  where 429 = &lt;Response [429]&gt;.status_code</failure></testcase><testcase classname="backend.tests.test_iter28_vaidya_charcha_phase_b.TestEnhancedProfile" name="test_profile_includes_new_fields" time="0.096" /><testcase classname="backend.tests.test_iter28_vaidya_charcha_phase_b.TestEnhancedProfile" name="test_profile_of_other_doctor" time="0.098" /><testcase classname="backend.tests.test_iter28_vaidya_charcha_phase_b.TestRegressionPhaseA" name="test_access_probe" time="0.096" /><testcase classname="backend.tests.test_iter28_vaidya_charcha_phase_b.TestRegressionPhaseA" name="test_feed_still_works" time="0.096" /><testcase classname="backend.tests.test_iter28_vaidya_charcha_phase_b.TestRegressionPhaseA" name="test_create_post_and_read" time="0.220" /><testcase classname="backend.tests.test_iter28_vaidya_charcha_phase_b.TestRegressionPhaseA" name="test_follow_still_works" time="0.190" /><testcase classname="backend.tests.test_iter28_vaidya_charcha_phase_b.TestRegressionPhaseA" name="test_public_doctors_list" time="0.089" /><testcase classname="backend.tests.test_iter28_vaidya_charcha_phase_b.TestRegressionPhaseA" name="test_auth_login" time="0.318" /></testsuite></testsuites>