<?xml version="1.0" encoding="utf-8"?><testsuites name="pytest tests"><testsuite name="pytest" errors="0" failures="0" skipped="0" tests="42" time="7.369" timestamp="2026-07-26T17:07:33.089604+00:00" hostname="agent-env-3bb3f580-1b45-49e2-807f-5dd171852300"><testcase classname="backend.tests.test_iter20_women_community_milestones.TestWomenPeriodLog" name="test_create_period_log" time="0.500" /><testcase classname="backend.tests.test_iter20_women_community_milestones.TestWomenPeriodLog" name="test_get_cycles_predicts_next_period" time="0.065" /><testcase classname="backend.tests.test_iter20_women_community_milestones.TestWomenPeriodLog" name="test_delete_period_log_then_404" time="0.129" /><testcase classname="backend.tests.test_iter20_women_community_milestones.TestWomenPeriodLog" name="test_period_log_requires_auth" time="0.067" /><testcase classname="backend.tests.test_iter20_women_community_milestones.TestWomenPregnancy" name="test_set_pregnancy_and_get" time="0.148" /><testcase classname="backend.tests.test_iter20_women_community_milestones.TestWomenPregnancy" name="test_pregnancy_inactive_returns_flag_only" time="0.357" /><testcase classname="backend.tests.test_iter20_women_community_milestones.TestWomenPregnancy" name="test_pregnancy_user_scoped" time="0.072" /><testcase classname="backend.tests.test_iter20_women_community_milestones.TestWomenGynae" name="test_upsert_and_get_gynae" time="0.127" /><testcase classname="backend.tests.test_iter20_women_community_milestones.TestWomenGynae" name="test_gynae_user_scoped" time="0.073" /><testcase classname="backend.tests.test_iter20_women_community_milestones.TestWomenWellnessTips" name="test_wellness_tips_each_phase[menstrual]" time="0.078" /><testcase classname="backend.tests.test_iter20_women_community_milestones.TestWomenWellnessTips" name="test_wellness_tips_each_phase[follicular]" time="0.061" /><testcase classname="backend.tests.test_iter20_women_community_milestones.TestWomenWellnessTips" name="test_wellness_tips_each_phase[ovulation]" time="0.069" /><testcase classname="backend.tests.test_iter20_women_community_milestones.TestWomenWellnessTips" name="test_wellness_tips_each_phase[luteal]" time="0.069" /><testcase classname="backend.tests.test_iter20_women_community_milestones.TestWomenWellnessTips" name="test_wellness_tips_each_phase[pregnancy]" time="0.072" /><testcase classname="backend.tests.test_iter20_women_community_milestones.TestWomenWellnessTips" name="test_wellness_tips_each_phase[pcos]" time="0.066" /><testcase classname="backend.tests.test_iter20_women_community_milestones.TestWomenUserScoping" name="test_user_a_cycle_not_visible_to_user_b" time="0.255" /><testcase classname="backend.tests.test_iter20_women_community_milestones.TestCommunityCreatePost" name="test_create_post_lowercases_hashtags_and_strips_hash" time="0.070" /><testcase classname="backend.tests.test_iter20_women_community_milestones.TestCommunityCreatePost" name="test_create_question_post" time="0.060" /><testcase classname="backend.tests.test_iter20_women_community_milestones.TestCommunityCreatePost" name="test_hashtags_capped_to_8" time="0.063" /><testcase classname="backend.tests.test_iter20_women_community_milestones.TestCommunityCreatePost" name="test_no_auth_denied" time="0.072" /><testcase classname="backend.tests.test_iter20_women_community_milestones.TestCommunityRateLimit" name="test_11th_post_returns_429" time="0.996" /><testcase classname="backend.tests.test_iter20_women_community_milestones.TestCommunityListFilters" name="test_list_posts_excludes_image_base64_and_has_liked_by_me" time="0.064" /><testcase classname="backend.tests.test_iter20_women_community_milestones.TestCommunityListFilters" name="test_filter_by_hashtag" time="0.063" /><testcase classname="backend.tests.test_iter20_women_community_milestones.TestCommunityListFilters" name="test_filter_by_is_question" time="0.063" /><testcase classname="backend.tests.test_iter20_women_community_milestones.TestCommunitySinglePostAndLikes" name="test_get_single_post" time="0.061" /><testcase classname="backend.tests.test_iter20_women_community_milestones.TestCommunitySinglePostAndLikes" name="test_toggle_like_increments_then_decrements" time="0.318" /><testcase classname="backend.tests.test_iter20_women_community_milestones.TestCommunityComments" name="test_add_comment_increments_parent_count" time="0.278" /><testcase classname="backend.tests.test_iter20_women_community_milestones.TestCommunityComments" name="test_list_comments_sorted_asc" time="0.068" /><testcase classname="backend.tests.test_iter20_women_community_milestones.TestCommunityDelete" name="test_other_user_cannot_delete" time="0.081" /><testcase classname="backend.tests.test_iter20_women_community_milestones.TestCommunityDelete" name="test_author_can_delete_and_cascades" time="0.272" /><testcase classname="backend.tests.test_iter20_women_community_milestones.TestCommunityDelete" name="test_admin_can_delete_any" time="0.476" /><testcase classname="backend.tests.test_iter20_women_community_milestones.TestCommunityAuthorRoles" name="test_admin_author_snapshot" time="0.141" /><testcase classname="backend.tests.test_iter20_women_community_milestones.TestCommunityAuthorRoles" name="test_doctor_author_snapshot_reflects_verified" time="0.424" /><testcase classname="backend.tests.test_iter20_women_community_milestones.TestCommunityHashtags" name="test_hashtags_aggregate" time="0.199" /><testcase classname="backend.tests.test_iter20_women_community_milestones.TestChildMilestones" name="test_get_milestones_with_dob" time="0.130" /><testcase classname="backend.tests.test_iter20_women_community_milestones.TestChildMilestones" name="test_get_milestones_without_dob" time="0.132" /><testcase classname="backend.tests.test_iter20_women_community_milestones.TestChildMilestones" name="test_toggle_add_and_remove" time="0.269" /><testcase classname="backend.tests.test_iter20_women_community_milestones.TestChildMilestones" name="test_cross_user_access_denied" time="0.130" /><testcase classname="backend.tests.test_iter20_women_community_milestones.TestRegression" name="test_doctors_public" time="0.059" /><testcase classname="backend.tests.test_iter20_women_community_milestones.TestRegression" name="test_wellness_log_and_dashboard" time="0.137" /><testcase classname="backend.tests.test_iter20_women_community_milestones.TestRegression" name="test_family_list" time="0.126" /><testcase classname="backend.tests.test_iter20_women_community_milestones.TestRegression" name="test_auth_login_admin" time="0.309" /></testsuite></testsuites>