<?xml version="1.0" encoding="utf-8"?><testsuites name="pytest tests"><testsuite name="pytest" errors="28" failures="1" skipped="0" tests="74" time="17.061" timestamp="2026-07-27T09:10:42.577721+00:00" hostname="agent-env-3bb3f580-1b45-49e2-807f-5dd171852300"><testcase classname="backend.tests.test_iter29_security_fixes.TestSEC001MediaAllowlist" name="test_story_http_url_rejected" time="0.911" /><testcase classname="backend.tests.test_iter29_security_fixes.TestSEC001MediaAllowlist" name="test_story_svg_rejected" time="0.104" /><testcase classname="backend.tests.test_iter29_security_fixes.TestSEC001MediaAllowlist" name="test_story_octet_rejected" time="0.101" /><testcase classname="backend.tests.test_iter29_security_fixes.TestSEC001MediaAllowlist" name="test_story_malformed_data_uri_rejected" time="0.095" /><testcase classname="backend.tests.test_iter29_security_fixes.TestSEC001MediaAllowlist" name="test_story_allowed_image_mimes_accepted[data:image/jpeg;base64,dGlueSBqcGcgYnl0ZXM=]" time="0.104" /><testcase classname="backend.tests.test_iter29_security_fixes.TestSEC001MediaAllowlist" name="test_story_allowed_image_mimes_accepted[data:image/png;base64,dGlueSBwbmcgYnl0ZXM=]" time="0.109" /><testcase classname="backend.tests.test_iter29_security_fixes.TestSEC001MediaAllowlist" name="test_story_allowed_image_mimes_accepted[data:image/webp;base64,dGlueSB3ZWJwIGJ5dGVz]" time="0.095" /><testcase classname="backend.tests.test_iter29_security_fixes.TestSEC001MediaAllowlist" name="test_reel_http_url_rejected" time="0.097" /><testcase classname="backend.tests.test_iter29_security_fixes.TestSEC001MediaAllowlist" name="test_reel_bad_mime_rejected" time="0.102" /><testcase classname="backend.tests.test_iter29_security_fixes.TestSEC001MediaAllowlist" name="test_reel_bad_thumb_rejected" time="0.152" /><testcase classname="backend.tests.test_iter29_security_fixes.TestSEC001MediaAllowlist" name="test_reel_allowed_video_mimes_accepted[data:video/mp4;base64,dGlueSBtcDQgYnl0ZXM=]" time="0.095" /><testcase classname="backend.tests.test_iter29_security_fixes.TestSEC001MediaAllowlist" name="test_reel_allowed_video_mimes_accepted[data:video/quicktime;base64,dGlueSBtb3YgYnl0ZXM=]" time="0.096" /><testcase classname="backend.tests.test_iter29_security_fixes.TestSEC001MediaAllowlist" name="test_dm_image_http_url_rejected" time="1.338" /><testcase classname="backend.tests.test_iter29_security_fixes.TestSEC001MediaAllowlist" name="test_dm_image_svg_rejected" time="0.105" /><testcase classname="backend.tests.test_iter29_security_fixes.TestSEC001MediaAllowlist" name="test_dm_image_allowed_accepted" time="0.101" /><testcase classname="backend.tests.test_iter29_security_fixes.TestSEC002Reports" name="test_report_reel_accepted" time="0.513" /><testcase classname="backend.tests.test_iter29_security_fixes.TestSEC002Reports" name="test_report_story_accepted" time="0.105" /><testcase classname="backend.tests.test_iter29_security_fixes.TestSEC002Reports" name="test_report_dm_message_by_participant" time="0.100" /><testcase classname="backend.tests.test_iter29_security_fixes.TestSEC002Reports" name="test_report_dm_message_non_participant_403" time="1.142" /><testcase classname="backend.tests.test_iter29_security_fixes.TestSEC002Reports" name="test_report_unknown_reel_404" time="0.098" /><testcase classname="backend.tests.test_iter29_security_fixes.TestSEC002Reports" name="test_report_unknown_story_404" time="0.097" /><testcase classname="backend.tests.test_iter29_security_fixes.TestSEC002Reports" name="test_report_unknown_dm_404" time="0.097" /><testcase classname="backend.tests.test_iter29_security_fixes.TestSEC002Reports" name="test_duplicate_report_returns_already" time="0.200" /><testcase classname="backend.tests.test_iter29_security_fixes.TestSEC002AdminActions" name="test_hide_and_unhide_reel_flow" time="1.009" /><testcase classname="backend.tests.test_iter29_security_fixes.TestSEC002AdminActions" name="test_hide_unknown_reel_404" time="0.104" /><testcase classname="backend.tests.test_iter29_security_fixes.TestSEC002AdminActions" name="test_unhide_unknown_reel_404" time="0.097" /><testcase classname="backend.tests.test_iter29_security_fixes.TestSEC002AdminActions" name="test_admin_delete_reel_cascades" time="0.834" /><testcase classname="backend.tests.test_iter29_security_fixes.TestSEC002AdminActions" name="test_admin_delete_story" time="0.405" /><testcase classname="backend.tests.test_iter29_security_fixes.TestSEC002AdminActions" name="test_admin_redact_dm_message" time="0.292" /><testcase classname="backend.tests.test_iter29_security_fixes.TestSEC002AdminActions" name="test_admin_delete_unknown_dm_404" time="0.094" /><testcase classname="backend.tests.test_iter29_security_fixes.TestSEC002AdminActions" name="test_admin_hide_reel_requires_admin" time="0.100" /><testcase classname="backend.tests.test_iter29_security_fixes.TestSEC002AdminReportsHydration" name="test_reports_listing_hydrates_all_target_types" time="0.775" /><testcase classname="backend.tests.test_iter29_security_fixes.TestSEC003ReelViewDedupe" name="test_double_view_only_increments_once" time="0.487" /><testcase classname="backend.tests.test_iter29_security_fixes.TestSEC003DMThreadRateLimit" name="test_rapid_thread_creation_eventually_429" time="4.095" /><testcase classname="backend.tests.test_iter28_vaidya_charcha_phase_b.TestGuardPhaseB" name="test_patient_blocked_403[GET-/community/doctor/stories/feed]" time="0.414" /><testcase classname="backend.tests.test_iter28_vaidya_charcha_phase_b.TestGuardPhaseB" name="test_patient_blocked_403[POST-/community/doctor/stories]" time="0.095" /><testcase classname="backend.tests.test_iter28_vaidya_charcha_phase_b.TestGuardPhaseB" name="test_patient_blocked_403[GET-/community/doctor/dm/threads]" time="0.108" /><testcase classname="backend.tests.test_iter28_vaidya_charcha_phase_b.TestGuardPhaseB" name="test_patient_blocked_403[POST-/community/doctor/reels]" time="0.102" /><testcase classname="backend.tests.test_iter28_vaidya_charcha_phase_b.TestGuardPhaseB" name="test_patient_blocked_403[GET-/community/doctor/reels/feed]" time="0.095" /><testcase classname="backend.tests.test_iter28_vaidya_charcha_phase_b.TestGuardPhaseB" name="test_unverified_doctor_blocked_403[GET-/community/doctor/stories/feed]" time="0.418" /><testcase classname="backend.tests.test_iter28_vaidya_charcha_phase_b.TestGuardPhaseB" name="test_unverified_doctor_blocked_403[POST-/community/doctor/stories]" time="0.133" /><testcase classname="backend.tests.test_iter28_vaidya_charcha_phase_b.TestGuardPhaseB" name="test_unverified_doctor_blocked_403[GET-/community/doctor/dm/threads]" time="0.100" /><testcase classname="backend.tests.test_iter28_vaidya_charcha_phase_b.TestGuardPhaseB" name="test_unverified_doctor_blocked_403[POST-/community/doctor/reels]" time="0.094" /><testcase classname="backend.tests.test_iter28_vaidya_charcha_phase_b.TestGuardPhaseB" name="test_unverified_doctor_blocked_403[GET-/community/doctor/reels/feed]" time="0.097" /><testcase classname="backend.tests.test_iter28_vaidya_charcha_phase_b.TestStories" name="test_create_story_url" time="0.591"><error message="failed on setup with &quot;assert None&quot;">backend/tests/test_iter28_vaidya_charcha_phase_b.py:133: in doctor_a
    assert tok
E   assert None</error></testcase><testcase classname="backend.tests.test_iter28_vaidya_charcha_phase_b.TestStories" name="test_create_story_base64" time="0.001"><error message="failed on setup with &quot;assert None&quot;">backend/tests/test_iter28_vaidya_charcha_phase_b.py:133: in doctor_a
    assert tok
E   assert None</error></testcase><testcase classname="backend.tests.test_iter28_vaidya_charcha_phase_b.TestStories" name="test_stories_feed_own_bucket_first" time="0.001"><error message="failed on setup with &quot;assert None&quot;">backend/tests/test_iter28_vaidya_charcha_phase_b.py:133: in doctor_a
    assert tok
E   assert None</error></testcase><testcase classname="backend.tests.test_iter28_vaidya_charcha_phase_b.TestStories" name="test_stories_by_doctor" time="0.000"><error message="failed on setup with &quot;assert None&quot;">backend/tests/test_iter28_vaidya_charcha_phase_b.py:133: in doctor_a
    assert tok
E   assert None</error></testcase><testcase classname="backend.tests.test_iter28_vaidya_charcha_phase_b.TestStories" name="test_view_story_idempotent" time="0.000"><error message="failed on setup with &quot;assert None&quot;">backend/tests/test_iter28_vaidya_charcha_phase_b.py:133: in doctor_a
    assert tok
E   assert None</error></testcase><testcase classname="backend.tests.test_iter28_vaidya_charcha_phase_b.TestStories" name="test_delete_story_author_only" time="0.000"><error message="failed on setup with &quot;assert None&quot;">backend/tests/test_iter28_vaidya_charcha_phase_b.py:133: in doctor_a
    assert tok
E   assert None</error></testcase><testcase classname="backend.tests.test_iter28_vaidya_charcha_phase_b.TestStories" name="test_view_missing_story_404" time="0.000"><error message="failed on setup with &quot;assert None&quot;">backend/tests/test_iter28_vaidya_charcha_phase_b.py:133: in doctor_a
    assert tok
E   assert None</error></testcase><testcase classname="backend.tests.test_iter28_vaidya_charcha_phase_b.TestDMs" name="test_dm_self_400" time="0.000"><error message="failed on setup with &quot;assert None&quot;">backend/tests/test_iter28_vaidya_charcha_phase_b.py:133: in doctor_a
    assert tok
E   assert None</error></testcase><testcase classname="backend.tests.test_iter28_vaidya_charcha_phase_b.TestDMs" name="test_dm_patient_target_404" time="0.000"><error message="failed on setup with &quot;assert None&quot;">backend/tests/test_iter28_vaidya_charcha_phase_b.py:133: in doctor_a
    assert tok
E   assert None</error></testcase><testcase classname="backend.tests.test_iter28_vaidya_charcha_phase_b.TestDMs" name="test_dm_unknown_target_404" time="0.000"><error message="failed on setup with &quot;assert None&quot;">backend/tests/test_iter28_vaidya_charcha_phase_b.py:133: in doctor_a
    assert tok
E   assert None</error></testcase><testcase classname="backend.tests.test_iter28_vaidya_charcha_phase_b.TestDMs" name="test_dm_thread_created_and_reused" time="0.000"><error message="failed on setup with &quot;assert None&quot;">backend/tests/test_iter28_vaidya_charcha_phase_b.py:133: in doctor_a
    assert tok
E   assert None</error></testcase><testcase classname="backend.tests.test_iter28_vaidya_charcha_phase_b.TestDMs" name="test_send_message_empty_400" time="0.000"><error message="failed on setup with &quot;assert None&quot;">backend/tests/test_iter28_vaidya_charcha_phase_b.py:133: in doctor_a
    assert tok
E   assert None</error></testcase><testcase classname="backend.tests.test_iter28_vaidya_charcha_phase_b.TestDMs" name="test_send_text_and_read" time="0.000"><error message="failed on setup with &quot;assert None&quot;">backend/tests/test_iter28_vaidya_charcha_phase_b.py:133: in doctor_a
    assert tok
E   assert None</error></testcase><testcase classname="backend.tests.test_iter28_vaidya_charcha_phase_b.TestDMs" name="test_send_image_only_ok" time="0.000"><error message="failed on setup with &quot;assert None&quot;">backend/tests/test_iter28_vaidya_charcha_phase_b.py:133: in doctor_a
    assert tok
E   assert None</error></testcase><testcase classname="backend.tests.test_iter28_vaidya_charcha_phase_b.TestDMs" name="test_non_participant_403" time="0.000"><error message="failed on setup with &quot;assert None&quot;">backend/tests/test_iter28_vaidya_charcha_phase_b.py:133: in doctor_a
    assert tok
E   assert None</error></testcase><testcase classname="backend.tests.test_iter28_vaidya_charcha_phase_b.TestReels" name="test_create_reel_url" time="0.000"><error message="failed on setup with &quot;assert None&quot;">backend/tests/test_iter28_vaidya_charcha_phase_b.py:133: in doctor_a
    assert tok
E   assert None</error></testcase><testcase classname="backend.tests.test_iter28_vaidya_charcha_phase_b.TestReels" name="test_create_reel_base64_too_large_400" time="0.000"><error message="failed on setup with &quot;assert None&quot;">backend/tests/test_iter28_vaidya_charcha_phase_b.py:133: in doctor_a
    assert tok
E   assert None</error></testcase><testcase classname="backend.tests.test_iter28_vaidya_charcha_phase_b.TestReels" name="test_reels_feed" time="0.000"><error message="failed on setup with &quot;assert None&quot;">backend/tests/test_iter28_vaidya_charcha_phase_b.py:133: in doctor_a
    assert tok
E   assert None</error></testcase><testcase classname="backend.tests.test_iter28_vaidya_charcha_phase_b.TestReels" name="test_reels_by_doctor" time="0.000"><error message="failed on setup with &quot;assert None&quot;">backend/tests/test_iter28_vaidya_charcha_phase_b.py:133: in doctor_a
    assert tok
E   assert None</error></testcase><testcase classname="backend.tests.test_iter28_vaidya_charcha_phase_b.TestReels" name="test_reel_like_toggle" time="0.000"><error message="failed on setup with &quot;assert None&quot;">backend/tests/test_iter28_vaidya_charcha_phase_b.py:133: in doctor_a
    assert tok
E   assert None</error></testcase><testcase classname="backend.tests.test_iter28_vaidya_charcha_phase_b.TestReels" name="test_reel_view_increments" time="0.000"><error message="failed on setup with &quot;assert None&quot;">backend/tests/test_iter28_vaidya_charcha_phase_b.py:133: in doctor_a
    assert tok
E   assert None</error></testcase><testcase classname="backend.tests.test_iter28_vaidya_charcha_phase_b.TestReels" name="test_delete_reel_author_only" time="0.000"><error message="failed on setup with &quot;assert None&quot;">backend/tests/test_iter28_vaidya_charcha_phase_b.py:133: in doctor_a
    assert tok
E   assert None</error></testcase><testcase classname="backend.tests.test_iter28_vaidya_charcha_phase_b.TestEnhancedProfile" name="test_profile_includes_new_fields" time="0.000"><error message="failed on setup with &quot;assert None&quot;">backend/tests/test_iter28_vaidya_charcha_phase_b.py:133: in doctor_a
    assert tok
E   assert None</error></testcase><testcase classname="backend.tests.test_iter28_vaidya_charcha_phase_b.TestEnhancedProfile" name="test_profile_of_other_doctor" time="0.000"><error message="failed on setup with &quot;assert None&quot;">backend/tests/test_iter28_vaidya_charcha_phase_b.py:133: in doctor_a
    assert tok
E   assert None</error></testcase><testcase classname="backend.tests.test_iter28_vaidya_charcha_phase_b.TestRegressionPhaseA" name="test_access_probe" time="0.000"><error message="failed on setup with &quot;assert None&quot;">backend/tests/test_iter28_vaidya_charcha_phase_b.py:133: in doctor_a
    assert tok
E   assert None</error></testcase><testcase classname="backend.tests.test_iter28_vaidya_charcha_phase_b.TestRegressionPhaseA" name="test_feed_still_works" time="0.000"><error message="failed on setup with &quot;assert None&quot;">backend/tests/test_iter28_vaidya_charcha_phase_b.py:133: in doctor_a
    assert tok
E   assert None</error></testcase><testcase classname="backend.tests.test_iter28_vaidya_charcha_phase_b.TestRegressionPhaseA" name="test_create_post_and_read" time="0.000"><error message="failed on setup with &quot;assert None&quot;">backend/tests/test_iter28_vaidya_charcha_phase_b.py:133: in doctor_a
    assert tok
E   assert None</error></testcase><testcase classname="backend.tests.test_iter28_vaidya_charcha_phase_b.TestRegressionPhaseA" name="test_follow_still_works" time="0.000"><error message="failed on setup with &quot;assert None&quot;">backend/tests/test_iter28_vaidya_charcha_phase_b.py:133: in doctor_a
    assert tok
E   assert None</error></testcase><testcase classname="backend.tests.test_iter28_vaidya_charcha_phase_b.TestRegressionPhaseA" name="test_public_doctors_list" time="0.091" /><testcase classname="backend.tests.test_iter28_vaidya_charcha_phase_b.TestRegressionPhaseA" name="test_auth_login" time="0.085"><failure message="assert 429 == 200&#10; +  where 429 = &lt;Response [429]&gt;.status_code">backend/tests/test_iter28_vaidya_charcha_phase_b.py:604: in test_auth_login
    assert r.status_code == 200
E   assert 429 == 200
E    +  where 429 = &lt;Response [429]&gt;.status_code</failure></testcase></testsuite></testsuites>