<?xml version="1.0" encoding="utf-8"?><testsuites name="pytest tests"><testsuite name="pytest" errors="0" failures="0" skipped="0" tests="12" time="4.350" timestamp="2026-07-21T07:32:44.166417+00:00" hostname="agent-env-3bb3f580-1b45-49e2-807f-5dd171852300"><testcase classname="backend.tests.test_iter16_doctor_dashboard.TestDoctorEarnings" name="test_earnings_requires_auth" time="0.209" /><testcase classname="backend.tests.test_iter16_doctor_dashboard.TestDoctorEarnings" name="test_earnings_denies_patient" time="1.440" /><testcase classname="backend.tests.test_iter16_doctor_dashboard.TestDoctorEarnings" name="test_earnings_shape_for_doctor" time="1.067" /><testcase classname="backend.tests.test_iter16_doctor_dashboard.TestPatientHistory" name="test_history_requires_auth" time="0.091" /><testcase classname="backend.tests.test_iter16_doctor_dashboard.TestPatientHistory" name="test_history_denies_patient_role" time="0.102" /><testcase classname="backend.tests.test_iter16_doctor_dashboard.TestPatientHistory" name="test_history_403_when_no_treatment" time="0.093" /><testcase classname="backend.tests.test_iter16_doctor_dashboard.TestPatientHistory" name="test_history_ok_after_booking" time="0.294" /><testcase classname="backend.tests.test_iter16_doctor_dashboard.TestPrescription" name="test_legacy_plain_text_prescription" time="0.308" /><testcase classname="backend.tests.test_iter16_doctor_dashboard.TestPrescription" name="test_structured_prescription_composes_medicines" time="0.097" /><testcase classname="backend.tests.test_iter16_doctor_dashboard.TestPrescription" name="test_BUG_doctor_cannot_write_rx" time="0.094" /><testcase classname="backend.tests.test_iter16_doctor_dashboard.TestPrescription" name="test_get_prescriptions_returns_records" time="0.097" /><testcase classname="backend.tests.test_iter16_doctor_dashboard.TestPrescription" name="test_prescription_denied_for_third_party" time="0.415" /></testsuite></testsuites>