<?xml version="1.0" encoding="utf-8"?><testsuites name="pytest tests"><testsuite name="pytest" errors="0" failures="1" skipped="0" tests="20" time="21.516" timestamp="2026-07-19T12:45:04.786336+00:00" hostname="agent-env-3bb3f580-1b45-49e2-807f-5dd171852300"><testcase classname="backend.tests.test_admin_support.TestAdminLogin" name="test_admin_login_returns_is_admin_true" time="0.400" /><testcase classname="backend.tests.test_admin_support.TestAdminLogin" name="test_admin_login_idempotent" time="0.572" /><testcase classname="backend.tests.test_admin_support.TestAdminStats" name="test_stats_returns_all_numeric_keys" time="0.089" /><testcase classname="backend.tests.test_admin_support.TestAdminStats" name="test_stats_forbidden_for_patient" time="0.313" /><testcase classname="backend.tests.test_admin_support.TestAdminStats" name="test_stats_forbidden_no_auth" time="0.043" /><testcase classname="backend.tests.test_admin_support.TestAdminDoctorsList" name="test_list_all_doctors" time="0.044" /><testcase classname="backend.tests.test_admin_support.TestAdminDoctorsList" name="test_filter_verified" time="0.042" /><testcase classname="backend.tests.test_admin_support.TestAdminDoctorsList" name="test_filter_pending" time="0.046" /><testcase classname="backend.tests.test_admin_support.TestAdminDoctorCrud" name="test_create_approve_reject_delete_doctor" time="0.345" /><testcase classname="backend.tests.test_admin_support.TestAdminDoctorCrud" name="test_approve_unknown_doctor_404" time="0.043" /><testcase classname="backend.tests.test_admin_support.TestAdminDoctorCrud" name="test_delete_unknown_doctor_404" time="0.044" /><testcase classname="backend.tests.test_admin_support.TestSelfRegDoctorFlow" name="test_self_reg_doctor_creates_pending_doctor" time="0.532" /><testcase classname="backend.tests.test_admin_support.TestSelfRegDoctorFlow" name="test_public_doctors_only_verified" time="0.043" /><testcase classname="backend.tests.test_admin_support.TestAdminPatients" name="test_list_patients_has_appointments_count" time="0.049" /><testcase classname="backend.tests.test_admin_support.TestAdminPatients" name="test_patient_appointments_by_id" time="0.043" /><testcase classname="backend.tests.test_admin_support.TestAdminActivity" name="test_activity_contains_key_events" time="0.308"><failure message="AssertionError: no verified doctors available for activity test&#10;assert []">backend/tests/test_admin_support.py:262: in test_activity_contains_key_events
    assert docs, "no verified doctors available for activity test"
E   AssertionError: no verified doctors available for activity test
E   assert []</failure></testcase><testcase classname="backend.tests.test_admin_support.TestSupportChat" name="test_support_chat_no_auth" time="6.560" /><testcase classname="backend.tests.test_admin_support.TestSupportChat" name="test_support_chat_captures_lead_when_contact_shared" time="11.788" /><testcase classname="backend.tests.test_admin_support.TestSupportLead" name="test_create_lead_and_admin_visibility" time="0.091" /><testcase classname="backend.tests.test_admin_support.TestSupportLead" name="test_admin_leads_forbidden_for_patient" time="0.043" /></testsuite></testsuites>