<?xml version="1.0" encoding="utf-8"?><testsuites name="pytest tests"><testsuite name="pytest" errors="0" failures="0" skipped="0" tests="5" time="3.182" timestamp="2026-07-19T20:04:36.880094+00:00" hostname="agent-env-3bb3f580-1b45-49e2-807f-5dd171852300"><testcase classname="backend.tests.test_video_rejoin_and_smoke.TestScheduledRejoinPersistsSameRoom" name="test_rejoin_patient_twice_same_room" time="2.221" /><testcase classname="backend.tests.test_video_rejoin_and_smoke.TestBackendSmoke" name="test_health_check" time="0.096" /><testcase classname="backend.tests.test_video_rejoin_and_smoke.TestBackendSmoke" name="test_admin_login" time="0.324" /><testcase classname="backend.tests.test_video_rejoin_and_smoke.TestBackendSmoke" name="test_list_doctors" time="0.091" /><testcase classname="backend.tests.test_video_rejoin_and_smoke.TestBackendSmoke" name="test_list_appointments_authed" time="0.424" /></testsuite></testsuites>