<?xml version="1.0" encoding="utf-8"?><testsuites name="pytest tests"><testsuite name="pytest" errors="0" failures="0" skipped="0" tests="17" time="3.080" timestamp="2026-07-21T08:08:28.670799+00:00" hostname="agent-env-3bb3f580-1b45-49e2-807f-5dd171852300"><testcase classname="backend.tests.test_iter18_ai_yoga.TestAuthGating" name="test_library_requires_auth" time="0.213" /><testcase classname="backend.tests.test_iter18_ai_yoga.TestAuthGating" name="test_session_detail_requires_auth" time="0.123" /><testcase classname="backend.tests.test_iter18_ai_yoga.TestAuthGating" name="test_log_requires_auth" time="0.125" /><testcase classname="backend.tests.test_iter18_ai_yoga.TestAuthGating" name="test_mine_requires_auth" time="0.122" /><testcase classname="backend.tests.test_iter18_ai_yoga.TestLibraryShape" name="test_library_full_shape" time="0.409" /><testcase classname="backend.tests.test_iter18_ai_yoga.TestLibraryShape" name="test_filter_by_category" time="0.129" /><testcase classname="backend.tests.test_iter18_ai_yoga.TestLibraryShape" name="test_filter_by_dosha" time="0.130" /><testcase classname="backend.tests.test_iter18_ai_yoga.TestLibraryShape" name="test_invalid_category_returns_empty_but_200" time="0.134" /><testcase classname="backend.tests.test_iter18_ai_yoga.TestRecommended" name="test_patient_with_saved_dosha_gets_recommended" time="0.087" /><testcase classname="backend.tests.test_iter18_ai_yoga.TestRecommended" name="test_doctor_role_gets_null_dosha_empty_recommended" time="0.410" /><testcase classname="backend.tests.test_iter18_ai_yoga.TestSessionDetail" name="test_session_detail_full_payload" time="0.099" /><testcase classname="backend.tests.test_iter18_ai_yoga.TestSessionDetail" name="test_session_detail_unknown_404" time="0.087" /><testcase classname="backend.tests.test_iter18_ai_yoga.TestLog" name="test_log_unknown_session_404" time="0.095" /><testcase classname="backend.tests.test_iter18_ai_yoga.TestLog" name="test_log_missing_session_id_422" time="0.101" /><testcase classname="backend.tests.test_iter18_ai_yoga.TestLog" name="test_log_success_writes_entry" time="0.136" /><testcase classname="backend.tests.test_iter18_ai_yoga.TestMine" name="test_mine_fresh_patient_zero_stats" time="0.409" /><testcase classname="backend.tests.test_iter18_ai_yoga.TestMine" name="test_mine_after_single_log" time="0.220" /></testsuite></testsuites>