<?xml version="1.0" encoding="utf-8"?><testsuites name="pytest tests"><testsuite name="pytest" errors="0" failures="3" skipped="0" tests="34" time="11.469" timestamp="2026-08-17T09:00:43.455424+00:00" hostname="agent-env-3bb3f580-1b45-49e2-807f-5dd171852300"><testcase classname="backend.tests.test_iter31_health_docs.TestDocumentUpload" name="test_upload_success_jpg" time="1.350" /><testcase classname="backend.tests.test_iter31_health_docs.TestDocumentUpload" name="test_upload_pdf_success" time="0.759" /><testcase classname="backend.tests.test_iter31_health_docs.TestDocumentUpload" name="test_upload_rejects_invalid_mime" time="0.107" /><testcase classname="backend.tests.test_iter31_health_docs.TestDocumentUpload" name="test_upload_rejects_invalid_doc_type" time="0.106" /><testcase classname="backend.tests.test_iter31_health_docs.TestDocumentUpload" name="test_upload_rejects_empty_file" time="0.106" /><testcase classname="backend.tests.test_iter31_health_docs.TestDocumentUpload" name="test_upload_rejects_oversize" time="0.647" /><testcase classname="backend.tests.test_iter31_health_docs.TestDocumentUpload" name="test_upload_unauth" time="0.139" /><testcase classname="backend.tests.test_iter31_health_docs.TestListMetaDelete" name="test_list_mine" time="0.179" /><testcase classname="backend.tests.test_iter31_health_docs.TestListMetaDelete" name="test_get_doc_meta_owner_ok" time="0.172" /><testcase classname="backend.tests.test_iter31_health_docs.TestListMetaDelete" name="test_get_doc_meta_other_patient_forbidden" time="0.447" /><testcase classname="backend.tests.test_iter31_health_docs.TestListMetaDelete" name="test_get_doc_meta_missing_404" time="0.098" /><testcase classname="backend.tests.test_iter31_health_docs.TestListMetaDelete" name="test_delete_by_non_owner_forbidden" time="0.139" /><testcase classname="backend.tests.test_iter31_health_docs.TestListMetaDelete" name="test_delete_owner_pending_ok" time="0.478" /><testcase classname="backend.tests.test_iter31_health_docs.TestListMetaDelete" name="test_delete_after_review_rejected" time="0.747" /><testcase classname="backend.tests.test_iter31_health_docs.TestFileDownload" name="test_download_bearer_owner" time="0.330" /><testcase classname="backend.tests.test_iter31_health_docs.TestFileDownload" name="test_download_query_token_owner" time="0.397" /><testcase classname="backend.tests.test_iter31_health_docs.TestFileDownload" name="test_download_no_auth_401" time="0.097" /><testcase classname="backend.tests.test_iter31_health_docs.TestFileDownload" name="test_download_wrong_owner_403" time="0.099" /><testcase classname="backend.tests.test_iter31_health_docs.TestFileDownload" name="test_download_admin_ok" time="1.482" /><testcase classname="backend.tests.test_iter31_health_docs.TestFileDownload" name="test_download_assigned_doctor_ok" time="0.642" /><testcase classname="backend.tests.test_iter31_health_docs.TestPresalesQueue" name="test_leads_forbidden_for_patient" time="0.108" /><testcase classname="backend.tests.test_iter31_health_docs.TestPresalesQueue" name="test_leads_admin_ok_with_stats" time="0.104"><failure message="AssertionError: Internal Server Error&#10;assert 500 == 200&#10; +  where 500 = &lt;Response [500]&gt;.status_code">backend/tests/test_iter31_health_docs.py:334: in test_leads_admin_ok_with_stats
    assert r.status_code == 200, r.text
E   AssertionError: Internal Server Error
E   assert 500 == 200
E    +  where 500 = &lt;Response [500]&gt;.status_code</failure></testcase><testcase classname="backend.tests.test_iter31_health_docs.TestPresalesQueue" name="test_sla_breach_flag_set_after_11_minutes" time="0.114"><failure message="AssertionError: Internal Server Error&#10;assert 500 == 200&#10; +  where 500 = &lt;Response [500]&gt;.status_code">backend/tests/test_iter31_health_docs.py:360: in test_sla_breach_flag_set_after_11_minutes
    assert r.status_code == 200, r.text
E   AssertionError: Internal Server Error
E   assert 500 == 200
E    +  where 500 = &lt;Response [500]&gt;.status_code</failure></testcase><testcase classname="backend.tests.test_iter31_health_docs.TestPresalesQueue" name="test_lead_status_transitions_and_history" time="0.322"><failure message="AssertionError: assert None is True&#10; +  where None = &lt;built-in method get of dict object at 0xfb052c787180&gt;('free_consult_used')&#10; +    where &lt;built-in method get of dict object at 0xfb052c787180&gt; = {'id': 'b4a18ee8-f090-478b-b3bd-cfd8900abb74', 'name': 'TEST_Patient_a4bcd8', 'email': 'test_a07a70fe66@vaidhyaji.example.com', 'password': '$2b$12$cNRlVs/rEbPQVTniLohdJe9JK3nD8nSxu4ir0rijwNTs.J3z92NZy', ...}.get">backend/tests/test_iter31_health_docs.py:399: in test_lead_status_transitions_and_history
    assert u.get("free_consult_used") is True
E   AssertionError: assert None is True
E    +  where None = &lt;built-in method get of dict object at 0xfb052c787180&gt;('free_consult_used')
E    +    where &lt;built-in method get of dict object at 0xfb052c787180&gt; = {'id': 'b4a18ee8-f090-478b-b3bd-cfd8900abb74', 'name': 'TEST_Patient_a4bcd8', 'email': 'test_a07a70fe66@vaidhyaji.example.com', 'password': '$2b$12$cNRlVs/rEbPQVTniLohdJe9JK3nD8nSxu4ir0rijwNTs.J3z92NZy', ...}.get</failure></testcase><testcase classname="backend.tests.test_iter31_health_docs.TestPresalesQueue" name="test_csv_export" time="0.097" /><testcase classname="backend.tests.test_iter31_health_docs.TestAdminDocReview" name="test_admin_pending_docs_lists_and_hydrates" time="0.115" /><testcase classname="backend.tests.test_iter31_health_docs.TestAdminDocReview" name="test_admin_pending_docs_forbidden_for_patient" time="0.097" /><testcase classname="backend.tests.test_iter31_health_docs.TestAdminDocReview" name="test_admin_review_approve_requires_doctor_id" time="0.435" /><testcase classname="backend.tests.test_iter31_health_docs.TestAdminDocReview" name="test_admin_review_approve_sets_sent_to_doctor" time="0.449" /><testcase classname="backend.tests.test_iter31_health_docs.TestAdminDocReview" name="test_admin_review_reupload" time="0.448" /><testcase classname="backend.tests.test_iter31_health_docs.TestRegression" name="test_admin_login_ok" time="0.000" /><testcase classname="backend.tests.test_iter31_health_docs.TestRegression" name="test_admin_patients" time="0.139" /><testcase classname="backend.tests.test_iter31_health_docs.TestRegression" name="test_admin_doctors" time="0.170" /><testcase classname="backend.tests.test_iter31_health_docs.TestRegression" name="test_quiz_submit" time="0.111" /></testsuite></testsuites>